<?xml version="1.0" encoding="UTF-8"?>
<!-- Generated by org.testng.reporters.JUnitXMLReporter -->
<testsuite hostname="srinivas-PC" ignored="0" name="Command line test" tests="3" failures="0" timestamp="12 Jul 2018 04:08:02 GMT" time="78.621" errors="0">
  <testcase name="@BeforeMethod setUp" time="44.405" classname="com.crm.qa.test.HomePageTest">
    <failure type="java.lang.StackOverflowError">
      <![CDATA[java.lang.StackOverflowError
at java.lang.Exception.<init>(Unknown Source)
at java.lang.ReflectiveOperationException.<init>(Unknown Source)
at org.openqa.selenium.support.events.EventFiringWebDriver.lambda$new$1(EventFiringWebDriver.java:103)
at com.sun.proxy.$Proxy6.getScreenshotAs(Unknown Source)
at org.openqa.selenium.support.events.EventFiringWebDriver.getScreenshotAs(EventFiringWebDriver.java:286)
at com.crm.qa.utils.TestUtil.takeScreenshotAtEndOfTest(TestUtil.java:45)
at com.crm.qa.utils.WebEventListener.onException(WebEventListener.java:65)
at org.openqa.selenium.support.events.EventFiringWebDriver.lambda$new$0(EventFiringWebDriver.java:82)
at com.sun.proxy.$Proxy5.onException(Unknown Source)
at org.openqa.selenium.support.events.EventFiringWebDriver.lambda$new$1(EventFiringWebDriver.java:105)
at com.sun.proxy.$Proxy6.getScreenshotAs(Unknown Source)
at org.openqa.selenium.support.events.EventFiringWebDriver.getScreenshotAs(EventFiringWebDriver.java:286)
at com.crm.qa.utils.TestUtil.takeScreenshotAtEndOfTest(TestUtil.java:45)
at com.crm.qa.utils.WebEventListener.onException(WebEventListener.java:65)
at org.openqa.selenium.support.events.EventFiringWebDriver.lambda$new$0(EventFiringWebDriver.java:82)
at com.sun.proxy.$Proxy5.onException(Unknown Source)
at org.openqa.selenium.support.events.EventFiringWebDriver.lambda$new$1(EventFiringWebDriver.java:105)
at com.sun.proxy.$Proxy6.getScreenshotAs(Unknown Source)
at org.openqa.selenium.support.events.EventFiringWebDriver.getScreenshotAs(EventFiringWebDriver.java:286)
at com.crm.qa.utils.TestUtil.takeScreenshotAtEndOfTest(TestUtil.java:45)
at com.crm.qa.utils.WebEventListener.onException(WebEventListener.java:65)
at org.openqa.selenium.support.events.EventFiringWebDriver.lambda$new$0(EventFiringWebDriver.java:82)
at com.sun.proxy.$Proxy5.onException(Unknown Source)
at org.openqa.selenium.support.events.EventFiringWebDriver.lambda$new$1(EventFiringWebDriver.java:105)
at com.sun.proxy.$Proxy6.getScreenshotAs(Unknown Source)
at org.openqa.selenium.support.events.EventFiringWebDriver.getScreenshotAs(EventFiringWebDriver.java:286)
at com.crm.qa.utils.TestUtil.takeScreenshotAtEndOfTest(TestUtil.java:45)
at com.crm.qa.utils.WebEventListener.onException(WebEventListener.java:65)
at org.openqa.selenium.support.events.EventFiringWebDriver.lambda$new$0(EventFiringWebDriver.java:82)
at com.sun.proxy.$Proxy5.onException(Unknown Source)
at org.openqa.selenium.support.events.EventFiringWebDriver.lambda$new$1(EventFiringWebDriver.java:105)
at com.sun.proxy.$Proxy6.getScreenshotAs(Unknown Source)
at org.openqa.selenium.support.events.EventFiringWebDriver.getScreenshotAs(EventFiringWebDriver.java:286)
at com.crm.qa.utils.TestUtil.takeScreenshotAtEndOfTest(TestUtil.java:45)
at com.crm.qa.utils.WebEventListener.onException(WebEventListener.java:65)
at org.openqa.selenium.support.events.EventFiringWebDriver.lambda$new$0(EventFiringWebDriver.java:82)
at com.sun.proxy.$Proxy5.onException(Unknown Source)
at org.openqa.selenium.support.events.EventFiringWebDriver.lambda$new$1(EventFiringWebDriver.java:105)
at com.sun.proxy.$Proxy6.getScreenshotAs(Unknown Source)
at org.openqa.selenium.support.events.EventFiringWebDriver.getScreenshotAs(EventFiringWebDriver.java:286)
at com.crm.qa.utils.TestUtil.takeScreenshotAtEndOfTest(TestUtil.java:45)
at com.crm.qa.utils.WebEventListener.onException(WebEventListener.java:65)
at org.openqa.selenium.support.events.EventFiringWebDriver.lambda$new$0(EventFiringWebDriver.java:82)
at com.sun.proxy.$Proxy5.onException(Unknown Source)
at org.openqa.selenium.support.events.EventFiringWebDriver.lambda$new$1(EventFiringWebDriver.java:105)
at com.sun.proxy.$Proxy6.getScreenshotAs(Unknown Source)
at org.openqa.selenium.support.events.EventFiringWebDriver.getScreenshotAs(EventFiringWebDriver.java:286)
at com.crm.qa.utils.TestUtil.takeScreenshotAtEndOfTest(TestUtil.java:45)
at com.crm.qa.utils.WebEventListener.onException(WebEventListener.java:65)
at org.openqa.selenium.support.events.EventFiringWebDriver.lambda$new$0(EventFiringWebDriver.java:82)
at com.sun.proxy.$Proxy5.onException(Unknown Source)
at org.openqa.selenium.support.events.EventFiringWebDriver.lambda$new$1(EventFiringWebDriver.java:105)
at com.sun.proxy.$Proxy6.getScreenshotAs(Unknown Source)
at org.openqa.selenium.support.events.EventFiringWebDriver.getScreenshotAs(EventFiringWebDriver.java:286)
at com.crm.qa.utils.TestUtil.takeScreenshotAtEndOfTest(TestUtil.java:45)
at com.crm.qa.utils.WebEventListener.onException(WebEventListener.java:65)
at org.openqa.selenium.support.events.EventFiringWebDriver.lambda$new$0(EventFiringWebDriver.java:82)
at com.sun.proxy.$Proxy5.onException(Unknown Source)
at org.openqa.selenium.support.events.EventFiringWebDriver.lambda$new$1(EventFiringWebDriver.java:105)
at com.sun.proxy.$Proxy6.getScreenshotAs(Unknown Source)
at org.openqa.selenium.support.events.EventFiringWebDriver.getScreenshotAs(EventFiringWebDriver.java:286)
at com.crm.qa.utils.TestUtil.takeScreenshotAtEndOfTest(TestUtil.java:45)
at com.crm.qa.utils.WebEventListener.onException(WebEventListener.java:65)
at org.openqa.selenium.support.events.EventFiringWebDriver.lambda$new$0(EventFiringWebDriver.java:82)
at com.sun.proxy.$Proxy5.onException(Unknown Source)
at org.openqa.selenium.support.events.EventFiringWebDriver.lambda$new$1(EventFiringWebDriver.java:105)
at com.sun.proxy.$Proxy6.getScreenshotAs(Unknown Source)
at org.openqa.selenium.support.events.EventFiringWebDriver.getScreenshotAs(EventFiringWebDriver.java:286)
at com.crm.qa.utils.TestUtil.takeScreenshotAtEndOfTest(TestUtil.java:45)
at com.crm.qa.utils.WebEventListener.onException(WebEventListener.java:65)
at org.openqa.selenium.support.events.EventFiringWebDriver.lambda$new$0(EventFiringWebDriver.java:82)
at com.sun.proxy.$Proxy5.onException(Unknown Source)
at org.openqa.selenium.support.events.EventFiringWebDriver.lambda$new$1(EventFiringWebDriver.java:105)
at com.sun.proxy.$Proxy6.getScreenshotAs(Unknown Source)
at org.openqa.selenium.support.events.EventFiringWebDriver.getScreenshotAs(EventFiringWebDriver.java:286)
at com.crm.qa.utils.TestUtil.takeScreenshotAtEndOfTest(TestUtil.java:45)
at com.crm.qa.utils.WebEventListener.onException(WebEventListener.java:65)
at org.openqa.selenium.support.events.EventFiringWebDriver.lambda$new$0(EventFiringWebDriver.java:82)
at com.sun.proxy.$Proxy5.onException(Unknown Source)
at org.openqa.selenium.support.events.EventFiringWebDriver.lambda$new$1(EventFiringWebDriver.java:105)
at com.sun.proxy.$Proxy6.getScreenshotAs(Unknown Source)
at org.openqa.selenium.support.events.EventFiringWebDriver.getScreenshotAs(EventFiringWebDriver.java:286)
at com.crm.qa.utils.TestUtil.takeScreenshotAtEndOfTest(TestUtil.java:45)
at com.crm.qa.utils.WebEventListener.onException(WebEventListener.java:65)
at org.openqa.selenium.support.events.EventFiringWebDriver.lambda$new$0(EventFiringWebDriver.java:82)
at com.sun.proxy.$Proxy5.onException(Unknown Source)
at org.openqa.selenium.support.events.EventFiringWebDriver.lambda$new$1(EventFiringWebDriver.java:105)
at com.sun.proxy.$Proxy6.getScreenshotAs(Unknown Source)
at org.openqa.selenium.support.events.EventFiringWebDriver.getScreenshotAs(EventFiringWebDriver.java:286)
at com.crm.qa.utils.TestUtil.takeScreenshotAtEndOfTest(TestUtil.java:45)
at com.crm.qa.utils.WebEventListener.onException(WebEventListener.java:65)
at org.openqa.selenium.support.events.EventFiringWebDriver.lambda$new$0(EventFiringWebDriver.java:82)
at com.sun.proxy.$Proxy5.onException(Unknown Source)
at org.openqa.selenium.support.events.EventFiringWebDriver.lambda$new$1(EventFiringWebDriver.java:105)
at com.sun.proxy.$Proxy6.getScreenshotAs(Unknown Source)
at org.openqa.selenium.support.events.EventFiringWebDriver.getScreenshotAs(EventFiringWebDriver.java:286)
at com.crm.qa.utils.TestUtil.takeScreenshotAtEndOfTest(TestUtil.java:45)
at com.crm.qa.utils.WebEventListener.onException(WebEventListener.java:65)
at org.openqa.selenium.support.events.EventFiringWebDriver.lambda$new$0(EventFiringWebDriver.java:82)
at com.sun.proxy.$Proxy5.onException(Unknown Source)
at org.openqa.selenium.support.events.EventFiringWebDriver.lambda$new$1(EventFiringWebDriver.java:105)
at com.sun.proxy.$Proxy6.getScreenshotAs(Unknown Source)
at org.openqa.selenium.support.events.EventFiringWebDriver.getScreenshotAs(EventFiringWebDriver.java:286)
at com.crm.qa.utils.TestUtil.takeScreenshotAtEndOfTest(TestUtil.java:45)
at com.crm.qa.utils.WebEventListener.onException(WebEventListener.java:65)
at org.openqa.selenium.support.events.EventFiringWebDriver.lambda$new$0(EventFiringWebDriver.java:82)
at com.sun.proxy.$Proxy5.onException(Unknown Source)
at org.openqa.selenium.support.events.EventFiringWebDriver.lambda$new$1(EventFiringWebDriver.java:105)
at com.sun.proxy.$Proxy6.getScreenshotAs(Unknown Source)
at org.openqa.selenium.support.events.EventFiringWebDriver.getScreenshotAs(EventFiringWebDriver.java:286)
at com.crm.qa.utils.TestUtil.takeScreenshotAtEndOfTest(TestUtil.java:45)
at com.crm.qa.utils.WebEventListener.onException(WebEventListener.java:65)
at org.openqa.selenium.support.events.EventFiringWebDriver.lambda$new$0(EventFiringWebDriver.java:82)
at com.sun.proxy.$Proxy5.onException(Unknown Source)
at org.openqa.selenium.support.events.EventFiringWebDriver.lambda$new$1(EventFiringWebDriver.java:105)
at com.sun.proxy.$Proxy6.getScreenshotAs(Unknown Source)
at org.openqa.selenium.support.events.EventFiringWebDriver.getScreenshotAs(EventFiringWebDriver.java:286)
at com.crm.qa.utils.TestUtil.takeScreenshotAtEndOfTest(TestUtil.java:45)
at com.crm.qa.utils.WebEventListener.onException(WebEventListener.java:65)
at org.openqa.selenium.support.events.EventFiringWebDriver.lambda$new$0(EventFiringWebDriver.java:82)
at com.sun.proxy.$Proxy5.onException(Unknown Source)
at org.openqa.selenium.support.events.EventFiringWebDriver.lambda$new$1(EventFiringWebDriver.java:105)
at com.sun.proxy.$Proxy6.getScreenshotAs(Unknown Source)
at org.openqa.selenium.support.events.EventFiringWebDriver.getScreenshotAs(EventFiringWebDriver.java:286)
at com.crm.qa.utils.TestUtil.takeScreenshotAtEndOfTest(TestUtil.java:45)
at com.crm.qa.utils.WebEventListener.onException(WebEventListener.java:65)
at org.openqa.selenium.support.events.EventFiringWebDriver.lambda$new$0(EventFiringWebDriver.java:82)
at com.sun.proxy.$Proxy5.onException(Unknown Source)
at org.openqa.selenium.support.events.EventFiringWebDriver.lambda$new$1(EventFiringWebDriver.java:105)
at com.sun.proxy.$Proxy6.getScreenshotAs(Unknown Source)
at org.openqa.selenium.support.events.EventFiringWebDriver.getScreenshotAs(EventFiringWebDriver.java:286)
at com.crm.qa.utils.TestUtil.takeScreenshotAtEndOfTest(TestUtil.java:45)
at com.crm.qa.utils.WebEventListener.onException(WebEventListener.java:65)
at org.openqa.selenium.support.events.EventFiringWebDriver.lambda$new$0(EventFiringWebDriver.java:82)
at com.sun.proxy.$Proxy5.onException(Unknown Source)
at org.openqa.selenium.support.events.EventFiringWebDriver.lambda$new$1(EventFiringWebDriver.java:105)
at com.sun.proxy.$Proxy6.getScreenshotAs(Unknown Source)
at org.openqa.selenium.support.events.EventFiringWebDriver.getScreenshotAs(EventFiringWebDriver.java:286)
at com.crm.qa.utils.TestUtil.takeScreenshotAtEndOfTest(TestUtil.java:45)
at com.crm.qa.utils.WebEventListener.onException(WebEventListener.java:65)
at org.openqa.selenium.support.events.EventFiringWebDriver.lambda$new$0(EventFiringWebDriver.java:82)
at com.sun.proxy.$Proxy5.onException(Unknown Source)
at org.openqa.selenium.support.events.EventFiringWebDriver.lambda$new$1(EventFiringWebDriver.java:105)
at com.sun.proxy.$Proxy6.getScreenshotAs(Unknown Source)
at org.openqa.selenium.support.events.EventFiringWebDriver.getScreenshotAs(EventFiringWebDriver.java:286)
at com.crm.qa.utils.TestUtil.takeScreenshotAtEndOfTest(TestUtil.java:45)
at com.crm.qa.utils.WebEventListener.onException(WebEventListener.java:65)
at org.openqa.selenium.support.events.EventFiringWebDriver.lambda$new$0(EventFiringWebDriver.java:82)
at com.sun.proxy.$Proxy5.onException(Unknown Source)
at org.openqa.selenium.support.events.EventFiringWebDriver.lambda$new$1(EventFiringWebDriver.java:105)
at com.sun.proxy.$Proxy6.getScreenshotAs(Unknown Source)
at org.openqa.selenium.support.events.EventFiringWebDriver.getScreenshotAs(EventFiringWebDriver.java:286)
at com.crm.qa.utils.TestUtil.takeScreenshotAtEndOfTest(TestUtil.java:45)
at com.crm.qa.utils.WebEventListener.onException(WebEventListener.java:65)
at org.openqa.selenium.support.events.EventFiringWebDriver.lambda$new$0(EventFiringWebDriver.java:82)
at com.sun.proxy.$Proxy5.onException(Unknown Source)
at org.openqa.selenium.support.events.EventFiringWebDriver.lambda$new$1(EventFiringWebDriver.java:105)
at com.sun.proxy.$Proxy6.getScreenshotAs(Unknown Source)
at org.openqa.selenium.support.events.EventFiringWebDriver.getScreenshotAs(EventFiringWebDriver.java:286)
at com.crm.qa.utils.TestUtil.takeScreenshotAtEndOfTest(TestUtil.java:45)
at com.crm.qa.utils.WebEventListener.onException(WebEventListener.java:65)
at org.openqa.selenium.support.events.EventFiringWebDriver.lambda$new$0(EventFiringWebDriver.java:82)
at com.sun.proxy.$Proxy5.onException(Unknown Source)
at org.openqa.selenium.support.events.EventFiringWebDriver.lambda$new$1(EventFiringWebDriver.java:105)
at com.sun.proxy.$Proxy6.getScreenshotAs(Unknown Source)
at org.openqa.selenium.support.events.EventFiringWebDriver.getScreenshotAs(EventFiringWebDriver.java:286)
at com.crm.qa.utils.TestUtil.takeScreenshotAtEndOfTest(TestUtil.java:45)
at com.crm.qa.utils.WebEventListener.onException(WebEventListener.java:65)
at org.openqa.selenium.support.events.EventFiringWebDriver.lambda$new$0(EventFiringWebDriver.java:82)
at com.sun.proxy.$Proxy5.onException(Unknown Source)
at org.openqa.selenium.support.events.EventFiringWebDriver.lambda$new$1(EventFiringWebDriver.java:105)
at com.sun.proxy.$Proxy6.getScreenshotAs(Unknown Source)
at org.openqa.selenium.support.events.EventFiringWebDriver.getScreenshotAs(EventFiringWebDriver.java:286)
at com.crm.qa.utils.TestUtil.takeScreenshotAtEndOfTest(TestUtil.java:45)
at com.crm.qa.utils.WebEventListener.onException(WebEventListener.java:65)
at org.openqa.selenium.support.events.EventFiringWebDriver.lambda$new$0(EventFiringWebDriver.java:82)
at com.sun.proxy.$Proxy5.onException(Unknown Source)
at org.openqa.selenium.support.events.EventFiringWebDriver.lambda$new$1(EventFiringWebDriver.java:105)
at com.sun.proxy.$Proxy6.getScreenshotAs(Unknown Source)
at org.openqa.selenium.support.events.EventFiringWebDriver.getScreenshotAs(EventFiringWebDriver.java:286)
at com.crm.qa.utils.TestUtil.takeScreenshotAtEndOfTest(TestUtil.java:45)
at com.crm.qa.utils.WebEventListener.onException(WebEventListener.java:65)
at org.openqa.selenium.support.events.EventFiringWebDriver.lambda$new$0(EventFiringWebDriver.java:82)
at com.sun.proxy.$Proxy5.onException(Unknown Source)
at org.openqa.selenium.support.events.EventFiringWebDriver.lambda$new$1(EventFiringWebDriver.java:105)
at com.sun.proxy.$Proxy6.getScreenshotAs(Unknown Source)
at org.openqa.selenium.support.events.EventFiringWebDriver.getScreenshotAs(EventFiringWebDriver.java:286)
at com.crm.qa.utils.TestUtil.takeScreenshotAtEndOfTest(TestUtil.java:45)
at com.crm.qa.utils.WebEventListener.onException(WebEventListener.java:65)
at org.openqa.selenium.support.events.EventFiringWebDriver.lambda$new$0(EventFiringWebDriver.java:82)
at com.sun.proxy.$Proxy5.onException(Unknown Source)
at org.openqa.selenium.support.events.EventFiringWebDriver.lambda$new$1(EventFiringWebDriver.java:105)
at com.sun.proxy.$Proxy6.getScreenshotAs(Unknown Source)
at org.openqa.selenium.support.events.EventFiringWebDriver.getScreenshotAs(EventFiringWebDriver.java:286)
at com.crm.qa.utils.TestUtil.takeScreenshotAtEndOfTest(TestUtil.java:45)
at com.crm.qa.utils.WebEventListener.onException(WebEventListener.java:65)
at org.openqa.selenium.support.events.EventFiringWebDriver.lambda$new$0(EventFiringWebDriver.java:82)
at com.sun.proxy.$Proxy5.onException(Unknown Source)
at org.openqa.selenium.support.events.EventFiringWebDriver.lambda$new$1(EventFiringWebDriver.java:105)
at com.sun.proxy.$Proxy6.getScreenshotAs(Unknown Source)
at org.openqa.selenium.support.events.EventFiringWebDriver.getScreenshotAs(EventFiringWebDriver.java:286)
at com.crm.qa.utils.TestUtil.takeScreenshotAtEndOfTest(TestUtil.java:45)
at com.crm.qa.utils.WebEventListener.onException(WebEventListener.java:65)
at org.openqa.selenium.support.events.EventFiringWebDriver.lambda$new$0(EventFiringWebDriver.java:82)
at com.sun.proxy.$Proxy5.onException(Unknown Source)
at org.openqa.selenium.support.events.EventFiringWebDriver.lambda$new$1(EventFiringWebDriver.java:105)
at com.sun.proxy.$Proxy6.getScreenshotAs(Unknown Source)
at org.openqa.selenium.support.events.EventFiringWebDriver.getScreenshotAs(EventFiringWebDriver.java:286)
at com.crm.qa.utils.TestUtil.takeScreenshotAtEndOfTest(TestUtil.java:45)
at com.crm.qa.utils.WebEventListener.onException(WebEventListener.java:65)
at org.openqa.selenium.support.events.EventFiringWebDriver.lambda$new$0(EventFiringWebDriver.java:82)
at com.sun.proxy.$Proxy5.onException(Unknown Source)
at org.openqa.selenium.support.events.EventFiringWebDriver.lambda$new$1(EventFiringWebDriver.java:105)
at com.sun.proxy.$Proxy6.getScreenshotAs(Unknown Source)
at org.openqa.selenium.support.events.EventFiringWebDriver.getScreenshotAs(EventFiringWebDriver.java:286)
at com.crm.qa.utils.TestUtil.takeScreenshotAtEndOfTest(TestUtil.java:45)
at com.crm.qa.utils.WebEventListener.onException(WebEventListener.java:65)
at org.openqa.selenium.support.events.EventFiringWebDriver.lambda$new$0(EventFiringWebDriver.java:82)
at com.sun.proxy.$Proxy5.onException(Unknown Source)
at org.openqa.selenium.support.events.EventFiringWebDriver.lambda$new$1(EventFiringWebDriver.java:105)
at com.sun.proxy.$Proxy6.getScreenshotAs(Unknown Source)
at org.openqa.selenium.support.events.EventFiringWebDriver.getScreenshotAs(EventFiringWebDriver.java:286)
at com.crm.qa.utils.TestUtil.takeScreenshotAtEndOfTest(TestUtil.java:45)
at com.crm.qa.utils.WebEventListener.onException(WebEventListener.java:65)
at org.openqa.selenium.support.events.EventFiringWebDriver.lambda$new$0(EventFiringWebDriver.java:82)
at com.sun.proxy.$Proxy5.onException(Unknown Source)
at org.openqa.selenium.support.events.EventFiringWebDriver.lambda$new$1(EventFiringWebDriver.java:105)
at com.sun.proxy.$Proxy6.getScreenshotAs(Unknown Source)
at org.openqa.selenium.support.events.EventFiringWebDriver.getScreenshotAs(EventFiringWebDriver.java:286)
at com.crm.qa.utils.TestUtil.takeScreenshotAtEndOfTest(TestUtil.java:45)
at com.crm.qa.utils.WebEventListener.onException(WebEventListener.java:65)
at org.openqa.selenium.support.events.EventFiringWebDriver.lambda$new$0(EventFiringWebDriver.java:82)
at com.sun.proxy.$Proxy5.onException(Unknown Source)
at org.openqa.selenium.support.events.EventFiringWebDriver.lambda$new$1(EventFiringWebDriver.java:105)
at com.sun.proxy.$Proxy6.getScreenshotAs(Unknown Source)
at org.openqa.selenium.support.events.EventFiringWebDriver.getScreenshotAs(EventFiringWebDriver.java:286)
at com.crm.qa.utils.TestUtil.takeScreenshotAtEndOfTest(TestUtil.java:45)
at com.crm.qa.utils.WebEventListener.onException(WebEventListener.java:65)
at org.openqa.selenium.support.events.EventFiringWebDriver.lambda$new$0(EventFiringWebDriver.java:82)
at com.sun.proxy.$Proxy5.onException(Unknown Source)
at org.openqa.selenium.support.events.EventFiringWebDriver.lambda$new$1(EventFiringWebDriver.java:105)
at com.sun.proxy.$Proxy6.getScreenshotAs(Unknown Source)
at org.openqa.selenium.support.events.EventFiringWebDriver.getScreenshotAs(EventFiringWebDriver.java:286)
at com.crm.qa.utils.TestUtil.takeScreenshotAtEndOfTest(TestUtil.java:45)
at com.crm.qa.utils.WebEventListener.onException(WebEventListener.java:65)
at org.openqa.selenium.support.events.EventFiringWebDriver.lambda$new$0(EventFiringWebDriver.java:82)
at com.sun.proxy.$Proxy5.onException(Unknown Source)
at org.openqa.selenium.support.events.EventFiringWebDriver.lambda$new$1(EventFiringWebDriver.java:105)
at com.sun.proxy.$Proxy6.getScreenshotAs(Unknown Source)
at org.openqa.selenium.support.events.EventFiringWebDriver.getScreenshotAs(EventFiringWebDriver.java:286)
at com.crm.qa.utils.TestUtil.takeScreenshotAtEndOfTest(TestUtil.java:45)
at com.crm.qa.utils.WebEventListener.onException(WebEventListener.java:65)
at org.openqa.selenium.support.events.EventFiringWebDriver.lambda$new$0(EventFiringWebDriver.java:82)
at com.sun.proxy.$Proxy5.onException(Unknown Source)
at org.openqa.selenium.support.events.EventFiringWebDriver.lambda$new$1(EventFiringWebDriver.java:105)
at com.sun.proxy.$Proxy6.getScreenshotAs(Unknown Source)
at org.openqa.selenium.support.events.EventFiringWebDriver.getScreenshotAs(EventFiringWebDriver.java:286)
at com.crm.qa.utils.TestUtil.takeScreenshotAtEndOfTest(TestUtil.java:45)
at com.crm.qa.utils.WebEventListener.onException(WebEventListener.java:65)
at org.openqa.selenium.support.events.EventFiringWebDriver.lambda$new$0(EventFiringWebDriver.java:82)
at com.sun.proxy.$Proxy5.onException(Unknown Source)
at org.openqa.selenium.support.events.EventFiringWebDriver.lambda$new$1(EventFiringWebDriver.java:105)
at com.sun.proxy.$Proxy6.getScreenshotAs(Unknown Source)
at org.openqa.selenium.support.events.EventFiringWebDriver.getScreenshotAs(EventFiringWebDriver.java:286)
at com.crm.qa.utils.TestUtil.takeScreenshotAtEndOfTest(TestUtil.java:45)
at com.crm.qa.utils.WebEventListener.onException(WebEventListener.java:65)
at org.openqa.selenium.support.events.EventFiringWebDriver.lambda$new$0(EventFiringWebDriver.java:82)
at com.sun.proxy.$Proxy5.onException(Unknown Source)
at org.openqa.selenium.support.events.EventFiringWebDriver.lambda$new$1(EventFiringWebDriver.java:105)
at com.sun.proxy.$Proxy6.getScreenshotAs(Unknown Source)
at org.openqa.selenium.support.events.EventFiringWebDriver.getScreenshotAs(EventFiringWebDriver.java:286)
at com.crm.qa.utils.TestUtil.takeScreenshotAtEndOfTest(TestUtil.java:45)
at com.crm.qa.utils.WebEventListener.onException(WebEventListener.java:65)
at org.openqa.selenium.support.events.EventFiringWebDriver.lambda$new$0(EventFiringWebDriver.java:82)
at com.sun.proxy.$Proxy5.onException(Unknown Source)
at org.openqa.selenium.support.events.EventFiringWebDriver.lambda$new$1(EventFiringWebDriver.java:105)
at com.sun.proxy.$Proxy6.getScreenshotAs(Unknown Source)
at org.openqa.selenium.support.events.EventFiringWebDriver.getScreenshotAs(EventFiringWebDriver.java:286)
at com.crm.qa.utils.TestUtil.takeScreenshotAtEndOfTest(TestUtil.java:45)
at com.crm.qa.utils.WebEventListener.onException(WebEventListener.java:65)
at org.openqa.selenium.support.events.EventFiringWebDriver.lambda$new$0(EventFiringWebDriver.java:82)
at com.sun.proxy.$Proxy5.onException(Unknown Source)
at org.openqa.selenium.support.events.EventFiringWebDriver.lambda$new$1(EventFiringWebDriver.java:105)
at com.sun.proxy.$Proxy6.getScreenshotAs(Unknown Source)
at org.openqa.selenium.support.events.EventFiringWebDriver.getScreenshotAs(EventFiringWebDriver.java:286)
at com.crm.qa.utils.TestUtil.takeScreenshotAtEndOfTest(TestUtil.java:45)
at com.crm.qa.utils.WebEventListener.onException(WebEventListener.java:65)
at org.openqa.selenium.support.events.EventFiringWebDriver.lambda$new$0(EventFiringWebDriver.java:82)
at com.sun.proxy.$Proxy5.onException(Unknown Source)
at org.openqa.selenium.support.events.EventFiringWebDriver.lambda$new$1(EventFiringWebDriver.java:105)
at com.sun.proxy.$Proxy6.getScreenshotAs(Unknown Source)
at org.openqa.selenium.support.events.EventFiringWebDriver.getScreenshotAs(EventFiringWebDriver.java:286)
at com.crm.qa.utils.TestUtil.takeScreenshotAtEndOfTest(TestUtil.java:45)
at com.crm.qa.utils.WebEventListener.onException(WebEventListener.java:65)
at org.openqa.selenium.support.events.EventFiringWebDriver.lambda$new$0(EventFiringWebDriver.java:82)
at com.sun.proxy.$Proxy5.onException(Unknown Source)
at org.openqa.selenium.support.events.EventFiringWebDriver.lambda$new$1(EventFiringWebDriver.java:105)
at com.sun.proxy.$Proxy6.getScreenshotAs(Unknown Source)
at org.openqa.selenium.support.events.EventFiringWebDriver.getScreenshotAs(EventFiringWebDriver.java:286)
at com.crm.qa.utils.TestUtil.takeScreenshotAtEndOfTest(TestUtil.java:45)
at com.crm.qa.utils.WebEventListener.onException(WebEventListener.java:65)
at org.openqa.selenium.support.events.EventFiringWebDriver.lambda$new$0(EventFiringWebDriver.java:82)
at com.sun.proxy.$Proxy5.onException(Unknown Source)
at org.openqa.selenium.support.events.EventFiringWebDriver.lambda$new$1(EventFiringWebDriver.java:105)
at com.sun.proxy.$Proxy6.getScreenshotAs(Unknown Source)
at org.openqa.selenium.support.events.EventFiringWebDriver.getScreenshotAs(EventFiringWebDriver.java:286)
at com.crm.qa.utils.TestUtil.takeScreenshotAtEndOfTest(TestUtil.java:45)
at com.crm.qa.utils.WebEventListener.onException(WebEventListener.java:65)
at org.openqa.selenium.support.events.EventFiringWebDriver.lambda$new$0(EventFiringWebDriver.java:82)
at com.sun.proxy.$Proxy5.onException(Unknown Source)
at org.openqa.selenium.support.events.EventFiringWebDriver.lambda$new$1(EventFiringWebDriver.java:105)
at com.sun.proxy.$Proxy6.getScreenshotAs(Unknown Source)
at org.openqa.selenium.support.events.EventFiringWebDriver.getScreenshotAs(EventFiringWebDriver.java:286)
at com.crm.qa.utils.TestUtil.takeScreenshotAtEndOfTest(TestUtil.java:45)
at com.crm.qa.utils.WebEventListener.onException(WebEventListener.java:65)
at org.openqa.selenium.support.events.EventFiringWebDriver.lambda$new$0(EventFiringWebDriver.java:82)
at com.sun.proxy.$Proxy5.onException(Unknown Source)
at org.openqa.selenium.support.events.EventFiringWebDriver.lambda$new$1(EventFiringWebDriver.java:105)
at com.sun.proxy.$Proxy6.getScreenshotAs(Unknown Source)
at org.openqa.selenium.support.events.EventFiringWebDriver.getScreenshotAs(EventFiringWebDriver.java:286)
at com.crm.qa.utils.TestUtil.takeScreenshotAtEndOfTest(TestUtil.java:45)
at com.crm.qa.utils.WebEventListener.onException(WebEventListener.java:65)
at org.openqa.selenium.support.events.EventFiringWebDriver.lambda$new$0(EventFiringWebDriver.java:82)
at com.sun.proxy.$Proxy5.onException(Unknown Source)
at org.openqa.selenium.support.events.EventFiringWebDriver.lambda$new$1(EventFiringWebDriver.java:105)
at com.sun.proxy.$Proxy6.getScreenshotAs(Unknown Source)
at org.openqa.selenium.support.events.EventFiringWebDriver.getScreenshotAs(EventFiringWebDriver.java:286)
at com.crm.qa.utils.TestUtil.takeScreenshotAtEndOfTest(TestUtil.java:45)
at com.crm.qa.utils.WebEventListener.onException(WebEventListener.java:65)
at org.openqa.selenium.support.events.EventFiringWebDriver.lambda$new$0(EventFiringWebDriver.java:82)
at com.sun.proxy.$Proxy5.onException(Unknown Source)
at org.openqa.selenium.support.events.EventFiringWebDriver.lambda$new$1(EventFiringWebDriver.java:105)
at com.sun.proxy.$Proxy6.getScreenshotAs(Unknown Source)
at org.openqa.selenium.support.events.EventFiringWebDriver.getScreenshotAs(EventFiringWebDriver.java:286)
at com.crm.qa.utils.TestUtil.takeScreenshotAtEndOfTest(TestUtil.java:45)
at com.crm.qa.utils.WebEventListener.onException(WebEventListener.java:65)
at org.openqa.selenium.support.events.EventFiringWebDriver.lambda$new$0(EventFiringWebDriver.java:82)
at com.sun.proxy.$Proxy5.onException(Unknown Source)
at org.openqa.selenium.support.events.EventFiringWebDriver.lambda$new$1(EventFiringWebDriver.java:105)
at com.sun.proxy.$Proxy6.getScreenshotAs(Unknown Source)
at org.openqa.selenium.support.events.EventFiringWebDriver.getScreenshotAs(EventFiringWebDriver.java:286)
at com.crm.qa.utils.TestUtil.takeScreenshotAtEndOfTest(TestUtil.java:45)
at com.crm.qa.utils.WebEventListener.onException(WebEventListener.java:65)
at org.openqa.selenium.support.events.EventFiringWebDriver.lambda$new$0(EventFiringWebDriver.java:82)
at com.sun.proxy.$Proxy5.onException(Unknown Source)
at org.openqa.selenium.support.events.EventFiringWebDriver.lambda$new$1(EventFiringWebDriver.java:105)
at com.sun.proxy.$Proxy6.getScreenshotAs(Unknown Source)
at org.openqa.selenium.support.events.EventFiringWebDriver.getScreenshotAs(EventFiringWebDriver.java:286)
at com.crm.qa.utils.TestUtil.takeScreenshotAtEndOfTest(TestUtil.java:45)
at com.crm.qa.utils.WebEventListener.onException(WebEventListener.java:65)
at org.openqa.selenium.support.events.EventFiringWebDriver.lambda$new$0(EventFiringWebDriver.java:82)
at com.sun.proxy.$Proxy5.onException(Unknown Source)
at org.openqa.selenium.support.events.EventFiringWebDriver.lambda$new$1(EventFiringWebDriver.java:105)
at com.sun.proxy.$Proxy6.getScreenshotAs(Unknown Source)
at org.openqa.selenium.support.events.EventFiringWebDriver.getScreenshotAs(EventFiringWebDriver.java:286)
at com.crm.qa.utils.TestUtil.takeScreenshotAtEndOfTest(TestUtil.java:45)
at com.crm.qa.utils.WebEventListener.onException(WebEventListener.java:65)
at org.openqa.selenium.support.events.EventFiringWebDriver.lambda$new$0(EventFiringWebDriver.java:82)
at com.sun.proxy.$Proxy5.onException(Unknown Source)
at org.openqa.selenium.support.events.EventFiringWebDriver.lambda$new$1(EventFiringWebDriver.java:105)
at com.sun.proxy.$Proxy6.getScreenshotAs(Unknown Source)
at org.openqa.selenium.support.events.EventFiringWebDriver.getScreenshotAs(EventFiringWebDriver.java:286)
at com.crm.qa.utils.TestUtil.takeScreenshotAtEndOfTest(TestUtil.java:45)
at com.crm.qa.utils.WebEventListener.onException(WebEventListener.java:65)
at org.openqa.selenium.support.events.EventFiringWebDriver.lambda$new$0(EventFiringWebDriver.java:82)
at com.sun.proxy.$Proxy5.onException(Unknown Source)
at org.openqa.selenium.support.events.EventFiringWebDriver.lambda$new$1(EventFiringWebDriver.java:105)
at com.sun.proxy.$Proxy6.getScreenshotAs(Unknown Source)
at org.openqa.selenium.support.events.EventFiringWebDriver.getScreenshotAs(EventFiringWebDriver.java:286)
at com.crm.qa.utils.TestUtil.takeScreenshotAtEndOfTest(TestUtil.java:45)
at com.crm.qa.utils.WebEventListener.onException(WebEventListener.java:65)
at org.openqa.selenium.support.events.EventFiringWebDriver.lambda$new$0(EventFiringWebDriver.java:82)
at com.sun.proxy.$Proxy5.onException(Unknown Source)
at org.openqa.selenium.support.events.EventFiringWebDriver.lambda$new$1(EventFiringWebDriver.java:105)
at com.sun.proxy.$Proxy6.getScreenshotAs(Unknown Source)
at org.openqa.selenium.support.events.EventFiringWebDriver.getScreenshotAs(EventFiringWebDriver.java:286)
at com.crm.qa.utils.TestUtil.takeScreenshotAtEndOfTest(TestUtil.java:45)
at com.crm.qa.utils.WebEventListener.onException(WebEventListener.java:65)
at org.openqa.selenium.support.events.EventFiringWebDriver.lambda$new$0(EventFiringWebDriver.java:82)
at com.sun.proxy.$Proxy5.onException(Unknown Source)
at org.openqa.selenium.support.events.EventFiringWebDriver.lambda$new$1(EventFiringWebDriver.java:105)
at com.sun.proxy.$Proxy6.getScreenshotAs(Unknown Source)
at org.openqa.selenium.support.events.EventFiringWebDriver.getScreenshotAs(EventFiringWebDriver.java:286)
at com.crm.qa.utils.TestUtil.takeScreenshotAtEndOfTest(TestUtil.java:45)
at com.crm.qa.utils.WebEventListener.onException(WebEventListener.java:65)
at org.openqa.selenium.support.events.EventFiringWebDriver.lambda$new$0(EventFiringWebDriver.java:82)
at com.sun.proxy.$Proxy5.onException(Unknown Source)
at org.openqa.selenium.support.events.EventFiringWebDriver.lambda$new$1(EventFiringWebDriver.java:105)
at com.sun.proxy.$Proxy6.getScreenshotAs(Unknown Source)
at org.openqa.selenium.support.events.EventFiringWebDriver.getScreenshotAs(EventFiringWebDriver.java:286)
at com.crm.qa.utils.TestUtil.takeScreenshotAtEndOfTest(TestUtil.java:45)
at com.crm.qa.utils.WebEventListener.onException(WebEventListener.java:65)
at org.openqa.selenium.support.events.EventFiringWebDriver.lambda$new$0(EventFiringWebDriver.java:82)
at com.sun.proxy.$Proxy5.onException(Unknown Source)
at org.openqa.selenium.support.events.EventFiringWebDriver.lambda$new$1(EventFiringWebDriver.java:105)
at com.sun.proxy.$Proxy6.getScreenshotAs(Unknown Source)
at org.openqa.selenium.support.events.EventFiringWebDriver.getScreenshotAs(EventFiringWebDriver.java:286)
at com.crm.qa.utils.TestUtil.takeScreenshotAtEndOfTest(TestUtil.java:45)
at com.crm.qa.utils.WebEventListener.onException(WebEventListener.java:65)
at org.openqa.selenium.support.events.EventFiringWebDriver.lambda$new$0(EventFiringWebDriver.java:82)
at com.sun.proxy.$Proxy5.onException(Unknown Source)
at org.openqa.selenium.support.events.EventFiringWebDriver.lambda$new$1(EventFiringWebDriver.java:105)
at com.sun.proxy.$Proxy6.getScreenshotAs(Unknown Source)
at org.openqa.selenium.support.events.EventFiringWebDriver.getScreenshotAs(EventFiringWebDriver.java:286)
at com.crm.qa.utils.TestUtil.takeScreenshotAtEndOfTest(TestUtil.java:45)
at com.crm.qa.utils.WebEventListener.onException(WebEventListener.java:65)
at org.openqa.selenium.support.events.EventFiringWebDriver.lambda$new$0(EventFiringWebDriver.java:82)
at com.sun.proxy.$Proxy5.onException(Unknown Source)
at org.openqa.selenium.support.events.EventFiringWebDriver.lambda$new$1(EventFiringWebDriver.java:105)
at com.sun.proxy.$Proxy6.getScreenshotAs(Unknown Source)
at org.openqa.selenium.support.events.EventFiringWebDriver.getScreenshotAs(EventFiringWebDriver.java:286)
at com.crm.qa.utils.TestUtil.takeScreenshotAtEndOfTest(TestUtil.java:45)
at com.crm.qa.utils.WebEventListener.onException(WebEventListener.java:65)
at org.openqa.selenium.support.events.EventFiringWebDriver.lambda$new$0(EventFiringWebDriver.java:82)
at com.sun.proxy.$Proxy5.onException(Unknown Source)
at org.openqa.selenium.support.events.EventFiringWebDriver.lambda$new$1(EventFiringWebDriver.java:105)
at com.sun.proxy.$Proxy6.getScreenshotAs(Unknown Source)
at org.openqa.selenium.support.events.EventFiringWebDriver.getScreenshotAs(EventFiringWebDriver.java:286)
at com.crm.qa.utils.TestUtil.takeScreenshotAtEndOfTest(TestUtil.java:45)
at com.crm.qa.utils.WebEventListener.onException(WebEventListener.java:65)
at org.openqa.selenium.support.events.EventFiringWebDriver.lambda$new$0(EventFiringWebDriver.java:82)
at com.sun.proxy.$Proxy5.onException(Unknown Source)
at org.openqa.selenium.support.events.EventFiringWebDriver.lambda$new$1(EventFiringWebDriver.java:105)
at com.sun.proxy.$Proxy6.getScreenshotAs(Unknown Source)
at org.openqa.selenium.support.events.EventFiringWebDriver.getScreenshotAs(EventFiringWebDriver.java:286)
at com.crm.qa.utils.TestUtil.takeScreenshotAtEndOfTest(TestUtil.java:45)
at com.crm.qa.utils.WebEventListener.onException(WebEventListener.java:65)
at org.openqa.selenium.support.events.EventFiringWebDriver.lambda$new$0(EventFiringWebDriver.java:82)
at com.sun.proxy.$Proxy5.onException(Unknown Source)
at org.openqa.selenium.support.events.EventFiringWebDriver.lambda$new$1(EventFiringWebDriver.java:105)
at com.sun.proxy.$Proxy6.getScreenshotAs(Unknown Source)
at org.openqa.selenium.support.events.EventFiringWebDriver.getScreenshotAs(EventFiringWebDriver.java:286)
at com.crm.qa.utils.TestUtil.takeScreenshotAtEndOfTest(TestUtil.java:45)
at com.crm.qa.utils.WebEventListener.onException(WebEventListener.java:65)
at org.openqa.selenium.support.events.EventFiringWebDriver.lambda$new$0(EventFiringWebDriver.java:82)
at com.sun.proxy.$Proxy5.onException(Unknown Source)
at org.openqa.selenium.support.events.EventFiringWebDriver.lambda$new$1(EventFiringWebDriver.java:105)
at com.sun.proxy.$Proxy6.getScreenshotAs(Unknown Source)
at org.openqa.selenium.support.events.EventFiringWebDriver.getScreenshotAs(EventFiringWebDriver.java:286)
at com.crm.qa.utils.TestUtil.takeScreenshotAtEndOfTest(TestUtil.java:45)
at com.crm.qa.utils.WebEventListener.onException(WebEventListener.java:65)
at org.openqa.selenium.support.events.EventFiringWebDriver.lambda$new$0(EventFiringWebDriver.java:82)
at com.sun.proxy.$Proxy5.onException(Unknown Source)
at org.openqa.selenium.support.events.EventFiringWebDriver.lambda$new$1(EventFiringWebDriver.java:105)
at com.sun.proxy.$Proxy6.getScreenshotAs(Unknown Source)
at org.openqa.selenium.support.events.EventFiringWebDriver.getScreenshotAs(EventFiringWebDriver.java:286)
at com.crm.qa.utils.TestUtil.takeScreenshotAtEndOfTest(TestUtil.java:45)
at com.crm.qa.utils.WebEventListener.onException(WebEventListener.java:65)
at org.openqa.selenium.support.events.EventFiringWebDriver.lambda$new$0(EventFiringWebDriver.java:82)
at com.sun.proxy.$Proxy5.onException(Unknown Source)
at org.openqa.selenium.support.events.EventFiringWebDriver.lambda$new$1(EventFiringWebDriver.java:105)
at com.sun.proxy.$Proxy6.getScreenshotAs(Unknown Source)
at org.openqa.selenium.support.events.EventFiringWebDriver.getScreenshotAs(EventFiringWebDriver.java:286)
at com.crm.qa.utils.TestUtil.takeScreenshotAtEndOfTest(TestUtil.java:45)
at com.crm.qa.utils.WebEventListener.onException(WebEventListener.java:65)
at org.openqa.selenium.support.events.EventFiringWebDriver.lambda$new$0(EventFiringWebDriver.java:82)
at com.sun.proxy.$Proxy5.onException(Unknown Source)
at org.openqa.selenium.support.events.EventFiringWebDriver.lambda$new$1(EventFiringWebDriver.java:105)
at com.sun.proxy.$Proxy6.getScreenshotAs(Unknown Source)
at org.openqa.selenium.support.events.EventFiringWebDriver.getScreenshotAs(EventFiringWebDriver.java:286)
at com.crm.qa.utils.TestUtil.takeScreenshotAtEndOfTest(TestUtil.java:45)
at com.crm.qa.utils.WebEventListener.onException(WebEventListener.java:65)
at org.openqa.selenium.support.events.EventFiringWebDriver.lambda$new$0(EventFiringWebDriver.java:82)
at com.sun.proxy.$Proxy5.onException(Unknown Source)
at org.openqa.selenium.support.events.EventFiringWebDriver.lambda$new$1(EventFiringWebDriver.java:105)
at com.sun.proxy.$Proxy6.getScreenshotAs(Unknown Source)
at org.openqa.selenium.support.events.EventFiringWebDriver.getScreenshotAs(EventFiringWebDriver.java:286)
at com.crm.qa.utils.TestUtil.takeScreenshotAtEndOfTest(TestUtil.java:45)
at com.crm.qa.utils.WebEventListener.onException(WebEventListener.java:65)
at org.openqa.selenium.support.events.EventFiringWebDriver.lambda$new$0(EventFiringWebDriver.java:82)
at com.sun.proxy.$Proxy5.onException(Unknown Source)
at org.openqa.selenium.support.events.EventFiringWebDriver.lambda$new$1(EventFiringWebDriver.java:105)
at com.sun.proxy.$Proxy6.getScreenshotAs(Unknown Source)
at org.openqa.selenium.support.events.EventFiringWebDriver.getScreenshotAs(EventFiringWebDriver.java:286)
at com.crm.qa.utils.TestUtil.takeScreenshotAtEndOfTest(TestUtil.java:45)
at com.crm.qa.utils.WebEventListener.onException(WebEventListener.java:65)
at org.openqa.selenium.support.events.EventFiringWebDriver.lambda$new$0(EventFiringWebDriver.java:82)
at com.sun.proxy.$Proxy5.onException(Unknown Source)
at org.openqa.selenium.support.events.EventFiringWebDriver.lambda$new$1(EventFiringWebDriver.java:105)
at com.sun.proxy.$Proxy6.getScreenshotAs(Unknown Source)
at org.openqa.selenium.support.events.EventFiringWebDriver.getScreenshotAs(EventFiringWebDriver.java:286)
at com.crm.qa.utils.TestUtil.takeScreenshotAtEndOfTest(TestUtil.java:45)
at com.crm.qa.utils.WebEventListener.onException(WebEventListener.java:65)
at org.openqa.selenium.support.events.EventFiringWebDriver.lambda$new$0(EventFiringWebDriver.java:82)
at com.sun.proxy.$Proxy5.onException(Unknown Source)
at org.openqa.selenium.support.events.EventFiringWebDriver.lambda$new$1(EventFiringWebDriver.java:105)
at com.sun.proxy.$Proxy6.getScreenshotAs(Unknown Source)
at org.openqa.selenium.support.events.EventFiringWebDriver.getScreenshotAs(EventFiringWebDriver.java:286)
at com.crm.qa.utils.TestUtil.takeScreenshotAtEndOfTest(TestUtil.java:45)
at com.crm.qa.utils.WebEventListener.onException(WebEventListener.java:65)
at org.openqa.selenium.support.events.EventFiringWebDriver.lambda$new$0(EventFiringWebDriver.java:82)
at com.sun.proxy.$Proxy5.onException(Unknown Source)
at org.openqa.selenium.support.events.EventFiringWebDriver.lambda$new$1(EventFiringWebDriver.java:105)
at com.sun.proxy.$Proxy6.getScreenshotAs(Unknown Source)
at org.openqa.selenium.support.events.EventFiringWebDriver.getScreenshotAs(EventFiringWebDriver.java:286)
at com.crm.qa.utils.TestUtil.takeScreenshotAtEndOfTest(TestUtil.java:45)
at com.crm.qa.utils.WebEventListener.onException(WebEventListener.java:65)
at org.openqa.selenium.support.events.EventFiringWebDriver.lambda$new$0(EventFiringWebDriver.java:82)
at com.sun.proxy.$Proxy5.onException(Unknown Source)
at org.openqa.selenium.support.events.EventFiringWebDriver.lambda$new$1(EventFiringWebDriver.java:105)
at com.sun.proxy.$Proxy6.getScreenshotAs(Unknown Source)
at org.openqa.selenium.support.events.EventFiringWebDriver.getScreenshotAs(EventFiringWebDriver.java:286)
at com.crm.qa.utils.TestUtil.takeScreenshotAtEndOfTest(TestUtil.java:45)
at com.crm.qa.utils.WebEventListener.onException(WebEventListener.java:65)
at org.openqa.selenium.support.events.EventFiringWebDriver.lambda$new$0(EventFiringWebDriver.java:82)
at com.sun.proxy.$Proxy5.onException(Unknown Source)
at org.openqa.selenium.support.events.EventFiringWebDriver.lambda$new$1(EventFiringWebDriver.java:105)
at com.sun.proxy.$Proxy6.getScreenshotAs(Unknown Source)
at org.openqa.selenium.support.events.EventFiringWebDriver.getScreenshotAs(EventFiringWebDriver.java:286)
at com.crm.qa.utils.TestUtil.takeScreenshotAtEndOfTest(TestUtil.java:45)
at com.crm.qa.utils.WebEventListener.onException(WebEventListener.java:65)
at org.openqa.selenium.support.events.EventFiringWebDriver.lambda$new$0(EventFiringWebDriver.java:82)
at com.sun.proxy.$Proxy5.onException(Unknown Source)
at org.openqa.selenium.support.events.EventFiringWebDriver.lambda$new$1(EventFiringWebDriver.java:105)
at com.sun.proxy.$Proxy6.getScreenshotAs(Unknown Source)
at org.openqa.selenium.support.events.EventFiringWebDriver.getScreenshotAs(EventFiringWebDriver.java:286)
at com.crm.qa.utils.TestUtil.takeScreenshotAtEndOfTest(TestUtil.java:45)
at com.crm.qa.utils.WebEventListener.onException(WebEventListener.java:65)
at org.openqa.selenium.support.events.EventFiringWebDriver.lambda$new$0(EventFiringWebDriver.java:82)
at com.sun.proxy.$Proxy5.onException(Unknown Source)
at org.openqa.selenium.support.events.EventFiringWebDriver.lambda$new$1(EventFiringWebDriver.java:105)
at com.sun.proxy.$Proxy6.getScreenshotAs(Unknown Source)
at org.openqa.selenium.support.events.EventFiringWebDriver.getScreenshotAs(EventFiringWebDriver.java:286)
at com.crm.qa.utils.TestUtil.takeScreenshotAtEndOfTest(TestUtil.java:45)
at com.crm.qa.utils.WebEventListener.onException(WebEventListener.java:65)
at org.openqa.selenium.support.events.EventFiringWebDriver.lambda$new$0(EventFiringWebDriver.java:82)
at com.sun.proxy.$Proxy5.onException(Unknown Source)
at org.openqa.selenium.support.events.EventFiringWebDriver.lambda$new$1(EventFiringWebDriver.java:105)
at com.sun.proxy.$Proxy6.getScreenshotAs(Unknown Source)
at org.openqa.selenium.support.events.EventFiringWebDriver.getScreenshotAs(EventFiringWebDriver.java:286)
at com.crm.qa.utils.TestUtil.takeScreenshotAtEndOfTest(TestUtil.java:45)
at com.crm.qa.utils.WebEventListener.onException(WebEventListener.java:65)
at org.openqa.selenium.support.events.EventFiringWebDriver.lambda$new$0(EventFiringWebDriver.java:82)
at com.sun.proxy.$Proxy5.onException(Unknown Source)
at org.openqa.selenium.support.events.EventFiringWebDriver.lambda$new$1(EventFiringWebDriver.java:105)
at com.sun.proxy.$Proxy6.getScreenshotAs(Unknown Source)
at org.openqa.selenium.support.events.EventFiringWebDriver.getScreenshotAs(EventFiringWebDriver.java:286)
at com.crm.qa.utils.TestUtil.takeScreenshotAtEndOfTest(TestUtil.java:45)
at com.crm.qa.utils.WebEventListener.onException(WebEventListener.java:65)
at org.openqa.selenium.support.events.EventFiringWebDriver.lambda$new$0(EventFiringWebDriver.java:82)
at com.sun.proxy.$Proxy5.onException(Unknown Source)
at org.openqa.selenium.support.events.EventFiringWebDriver.lambda$new$1(EventFiringWebDriver.java:105)
at com.sun.proxy.$Proxy6.getScreenshotAs(Unknown Source)
at org.openqa.selenium.support.events.EventFiringWebDriver.getScreenshotAs(EventFiringWebDriver.java:286)
at com.crm.qa.utils.TestUtil.takeScreenshotAtEndOfTest(TestUtil.java:45)
at com.crm.qa.utils.WebEventListener.onException(WebEventListener.java:65)
at org.openqa.selenium.support.events.EventFiringWebDriver.lambda$new$0(EventFiringWebDriver.java:82)
at com.sun.proxy.$Proxy5.onException(Unknown Source)
at org.openqa.selenium.support.events.EventFiringWebDriver.lambda$new$1(EventFiringWebDriver.java:105)
at com.sun.proxy.$Proxy6.getScreenshotAs(Unknown Source)
at org.openqa.selenium.support.events.EventFiringWebDriver.getScreenshotAs(EventFiringWebDriver.java:286)
at com.crm.qa.utils.TestUtil.takeScreenshotAtEndOfTest(TestUtil.java:45)
at com.crm.qa.utils.WebEventListener.onException(WebEventListener.java:65)
at org.openqa.selenium.support.events.EventFiringWebDriver.lambda$new$0(EventFiringWebDriver.java:82)
at com.sun.proxy.$Proxy5.onException(Unknown Source)
at org.openqa.selenium.support.events.EventFiringWebDriver.lambda$new$1(EventFiringWebDriver.java:105)
at com.sun.proxy.$Proxy6.getScreenshotAs(Unknown Source)
at org.openqa.selenium.support.events.EventFiringWebDriver.getScreenshotAs(EventFiringWebDriver.java:286)
at com.crm.qa.utils.TestUtil.takeScreenshotAtEndOfTest(TestUtil.java:45)
at com.crm.qa.utils.WebEventListener.onException(WebEventListener.java:65)
at org.openqa.selenium.support.events.EventFiringWebDriver.lambda$new$0(EventFiringWebDriver.java:82)
at com.sun.proxy.$Proxy5.onException(Unknown Source)
at org.openqa.selenium.support.events.EventFiringWebDriver.lambda$new$1(EventFiringWebDriver.java:105)
at com.sun.proxy.$Proxy6.getScreenshotAs(Unknown Source)
at org.openqa.selenium.support.events.EventFiringWebDriver.getScreenshotAs(EventFiringWebDriver.java:286)
at com.crm.qa.utils.TestUtil.takeScreenshotAtEndOfTest(TestUtil.java:45)
at com.crm.qa.utils.WebEventListener.onException(WebEventListener.java:65)
at org.openqa.selenium.support.events.EventFiringWebDriver.lambda$new$0(EventFiringWebDriver.java:82)
at com.sun.proxy.$Proxy5.onException(Unknown Source)
at org.openqa.selenium.support.events.EventFiringWebDriver.lambda$new$1(EventFiringWebDriver.java:105)
at com.sun.proxy.$Proxy6.getScreenshotAs(Unknown Source)
at org.openqa.selenium.support.events.EventFiringWebDriver.getScreenshotAs(EventFiringWebDriver.java:286)
at com.crm.qa.utils.TestUtil.takeScreenshotAtEndOfTest(TestUtil.java:45)
at com.crm.qa.utils.WebEventListener.onException(WebEventListener.java:65)
at org.openqa.selenium.support.events.EventFiringWebDriver.lambda$new$0(EventFiringWebDriver.java:82)
at com.sun.proxy.$Proxy5.onException(Unknown Source)
at org.openqa.selenium.support.events.EventFiringWebDriver.lambda$new$1(EventFiringWebDriver.java:105)
at com.sun.proxy.$Proxy6.getScreenshotAs(Unknown Source)
at org.openqa.selenium.support.events.EventFiringWebDriver.getScreenshotAs(EventFiringWebDriver.java:286)
at com.crm.qa.utils.TestUtil.takeScreenshotAtEndOfTest(TestUtil.java:45)
at com.crm.qa.utils.WebEventListener.onException(WebEventListener.java:65)
at org.openqa.selenium.support.events.EventFiringWebDriver.lambda$new$0(EventFiringWebDriver.java:82)
at com.sun.proxy.$Proxy5.onException(Unknown Source)
at org.openqa.selenium.support.events.EventFiringWebDriver.lambda$new$1(EventFiringWebDriver.java:105)
at com.sun.proxy.$Proxy6.getScreenshotAs(Unknown Source)
at org.openqa.selenium.support.events.EventFiringWebDriver.getScreenshotAs(EventFiringWebDriver.java:286)
at com.crm.qa.utils.TestUtil.takeScreenshotAtEndOfTest(TestUtil.java:45)
at com.crm.qa.utils.WebEventListener.onException(WebEventListener.java:65)
at org.openqa.selenium.support.events.EventFiringWebDriver.lambda$new$0(EventFiringWebDriver.java:82)
at com.sun.proxy.$Proxy5.onException(Unknown Source)
at org.openqa.selenium.support.events.EventFiringWebDriver.lambda$new$1(EventFiringWebDriver.java:105)
at com.sun.proxy.$Proxy6.getScreenshotAs(Unknown Source)
at org.openqa.selenium.support.events.EventFiringWebDriver.getScreenshotAs(EventFiringWebDriver.java:286)
at com.crm.qa.utils.TestUtil.takeScreenshotAtEndOfTest(TestUtil.java:45)
at com.crm.qa.utils.WebEventListener.onException(WebEventListener.java:65)
at org.openqa.selenium.support.events.EventFiringWebDriver.lambda$new$0(EventFiringWebDriver.java:82)
at com.sun.proxy.$Proxy5.onException(Unknown Source)
at org.openqa.selenium.support.events.EventFiringWebDriver.lambda$new$1(EventFiringWebDriver.java:105)
at com.sun.proxy.$Proxy6.getScreenshotAs(Unknown Source)
at org.openqa.selenium.support.events.EventFiringWebDriver.getScreenshotAs(EventFiringWebDriver.java:286)
at com.crm.qa.utils.TestUtil.takeScreenshotAtEndOfTest(TestUtil.java:45)
at com.crm.qa.utils.WebEventListener.onException(WebEventListener.java:65)
at org.openqa.selenium.support.events.EventFiringWebDriver.lambda$new$0(EventFiringWebDriver.java:82)
at com.sun.proxy.$Proxy5.onException(Unknown Source)
at org.openqa.selenium.support.events.EventFiringWebDriver.lambda$new$1(EventFiringWebDriver.java:105)
at com.sun.proxy.$Proxy6.getScreenshotAs(Unknown Source)
at org.openqa.selenium.support.events.EventFiringWebDriver.getScreenshotAs(EventFiringWebDriver.java:286)
at com.crm.qa.utils.TestUtil.takeScreenshotAtEndOfTest(TestUtil.java:45)
at com.crm.qa.utils.WebEventListener.onException(WebEventListener.java:65)
at org.openqa.selenium.support.events.EventFiringWebDriver.lambda$new$0(EventFiringWebDriver.java:82)
at com.sun.proxy.$Proxy5.onException(Unknown Source)
at org.openqa.selenium.support.events.EventFiringWebDriver.lambda$new$1(EventFiringWebDriver.java:105)
at com.sun.proxy.$Proxy6.getScreenshotAs(Unknown Source)
at org.openqa.selenium.support.events.EventFiringWebDriver.getScreenshotAs(EventFiringWebDriver.java:286)
at com.crm.qa.utils.TestUtil.takeScreenshotAtEndOfTest(TestUtil.java:45)
at com.crm.qa.utils.WebEventListener.onException(WebEventListener.java:65)
at org.openqa.selenium.support.events.EventFiringWebDriver.lambda$new$0(EventFiringWebDriver.java:82)
at com.sun.proxy.$Proxy5.onException(Unknown Source)
at org.openqa.selenium.support.events.EventFiringWebDriver.lambda$new$1(EventFiringWebDriver.java:105)
at com.sun.proxy.$Proxy6.getScreenshotAs(Unknown Source)
at org.openqa.selenium.support.events.EventFiringWebDriver.getScreenshotAs(EventFiringWebDriver.java:286)
at com.crm.qa.utils.TestUtil.takeScreenshotAtEndOfTest(TestUtil.java:45)
at com.crm.qa.utils.WebEventListener.onException(WebEventListener.java:65)
at org.openqa.selenium.support.events.EventFiringWebDriver.lambda$new$0(EventFiringWebDriver.java:82)
at com.sun.proxy.$Proxy5.onException(Unknown Source)
at org.openqa.selenium.support.events.EventFiringWebDriver.lambda$new$1(EventFiringWebDriver.java:105)
at com.sun.proxy.$Proxy6.getScreenshotAs(Unknown Source)
at org.openqa.selenium.support.events.EventFiringWebDriver.getScreenshotAs(EventFiringWebDriver.java:286)
at com.crm.qa.utils.TestUtil.takeScreenshotAtEndOfTest(TestUtil.java:45)
at com.crm.qa.utils.WebEventListener.onException(WebEventListener.java:65)
at org.openqa.selenium.support.events.EventFiringWebDriver.lambda$new$0(EventFiringWebDriver.java:82)
at com.sun.proxy.$Proxy5.onException(Unknown Source)
at org.openqa.selenium.support.events.EventFiringWebDriver.lambda$new$1(EventFiringWebDriver.java:105)
at com.sun.proxy.$Proxy6.getScreenshotAs(Unknown Source)
at org.openqa.selenium.support.events.EventFiringWebDriver.getScreenshotAs(EventFiringWebDriver.java:286)
at com.crm.qa.utils.TestUtil.takeScreenshotAtEndOfTest(TestUtil.java:45)
at com.crm.qa.utils.WebEventListener.onException(WebEventListener.java:65)
at org.openqa.selenium.support.events.EventFiringWebDriver.lambda$new$0(EventFiringWebDriver.java:82)
at com.sun.proxy.$Proxy5.onException(Unknown Source)
at org.openqa.selenium.support.events.EventFiringWebDriver.lambda$new$1(EventFiringWebDriver.java:105)
at com.sun.proxy.$Proxy6.getScreenshotAs(Unknown Source)
at org.openqa.selenium.support.events.EventFiringWebDriver.getScreenshotAs(EventFiringWebDriver.java:286)
at com.crm.qa.utils.TestUtil.takeScreenshotAtEndOfTest(TestUtil.java:45)
at com.crm.qa.utils.WebEventListener.onException(WebEventListener.java:65)
at org.openqa.selenium.support.events.EventFiringWebDriver.lambda$new$0(EventFiringWebDriver.java:82)
at com.sun.proxy.$Proxy5.onException(Unknown Source)
at org.openqa.selenium.support.events.EventFiringWebDriver.lambda$new$1(EventFiringWebDriver.java:105)
at com.sun.proxy.$Proxy6.getScreenshotAs(Unknown Source)
at org.openqa.selenium.support.events.EventFiringWebDriver.getScreenshotAs(EventFiringWebDriver.java:286)
at com.crm.qa.utils.TestUtil.takeScreenshotAtEndOfTest(TestUtil.java:45)
at com.crm.qa.utils.WebEventListener.onException(WebEventListener.java:65)
at org.openqa.selenium.support.events.EventFiringWebDriver.lambda$new$0(EventFiringWebDriver.java:82)
at com.sun.proxy.$Proxy5.onException(Unknown Source)
at org.openqa.selenium.support.events.EventFiringWebDriver.lambda$new$1(EventFiringWebDriver.java:105)
at com.sun.proxy.$Proxy6.getScreenshotAs(Unknown Source)
at org.openqa.selenium.support.events.EventFiringWebDriver.getScreenshotAs(EventFiringWebDriver.java:286)
at com.crm.qa.utils.TestUtil.takeScreenshotAtEndOfTest(TestUtil.java:45)
at com.crm.qa.utils.WebEventListener.onException(WebEventListener.java:65)
at org.openqa.selenium.support.events.EventFiringWebDriver.lambda$new$0(EventFiringWebDriver.java:82)
at com.sun.proxy.$Proxy5.onException(Unknown Source)
at org.openqa.selenium.support.events.EventFiringWebDriver.lambda$new$1(EventFiringWebDriver.java:105)
at com.sun.proxy.$Proxy6.getScreenshotAs(Unknown Source)
at org.openqa.selenium.support.events.EventFiringWebDriver.getScreenshotAs(EventFiringWebDriver.java:286)
at com.crm.qa.utils.TestUtil.takeScreenshotAtEndOfTest(TestUtil.java:45)
at com.crm.qa.utils.WebEventListener.onException(WebEventListener.java:65)
at org.openqa.selenium.support.events.EventFiringWebDriver.lambda$new$0(EventFiringWebDriver.java:82)
at com.sun.proxy.$Proxy5.onException(Unknown Source)
at org.openqa.selenium.support.events.EventFiringWebDriver.lambda$new$1(EventFiringWebDriver.java:105)
at com.sun.proxy.$Proxy6.getScreenshotAs(Unknown Source)
at org.openqa.selenium.support.events.EventFiringWebDriver.getScreenshotAs(EventFiringWebDriver.java:286)
at com.crm.qa.utils.TestUtil.takeScreenshotAtEndOfTest(TestUtil.java:45)
at com.crm.qa.utils.WebEventListener.onException(WebEventListener.java:65)
at org.openqa.selenium.support.events.EventFiringWebDriver.lambda$new$0(EventFiringWebDriver.java:82)
at com.sun.proxy.$Proxy5.onException(Unknown Source)
at org.openqa.selenium.support.events.EventFiringWebDriver.lambda$new$1(EventFiringWebDriver.java:105)
at com.sun.proxy.$Proxy6.getScreenshotAs(Unknown Source)
at org.openqa.selenium.support.events.EventFiringWebDriver.getScreenshotAs(EventFiringWebDriver.java:286)
at com.crm.qa.utils.TestUtil.takeScreenshotAtEndOfTest(TestUtil.java:45)
at com.crm.qa.utils.WebEventListener.onException(WebEventListener.java:65)
at org.openqa.selenium.support.events.EventFiringWebDriver.lambda$new$0(EventFiringWebDriver.java:82)
at com.sun.proxy.$Proxy5.onException(Unknown Source)
at org.openqa.selenium.support.events.EventFiringWebDriver.lambda$new$1(EventFiringWebDriver.java:105)
at com.sun.proxy.$Proxy6.getScreenshotAs(Unknown Source)
at org.openqa.selenium.support.events.EventFiringWebDriver.getScreenshotAs(EventFiringWebDriver.java:286)
at com.crm.qa.utils.TestUtil.takeScreenshotAtEndOfTest(TestUtil.java:45)
at com.crm.qa.utils.WebEventListener.onException(WebEventListener.java:65)
at org.openqa.selenium.support.events.EventFiringWebDriver.lambda$new$0(EventFiringWebDriver.java:82)
at com.sun.proxy.$Proxy5.onException(Unknown Source)
at org.openqa.selenium.support.events.EventFiringWebDriver.lambda$new$1(EventFiringWebDriver.java:105)
at com.sun.proxy.$Proxy6.getScreenshotAs(Unknown Source)
at org.openqa.selenium.support.events.EventFiringWebDriver.getScreenshotAs(EventFiringWebDriver.java:286)
at com.crm.qa.utils.TestUtil.takeScreenshotAtEndOfTest(TestUtil.java:45)
at com.crm.qa.utils.WebEventListener.onException(WebEventListener.java:65)
at org.openqa.selenium.support.events.EventFiringWebDriver.lambda$new$0(EventFiringWebDriver.java:82)
at com.sun.proxy.$Proxy5.onException(Unknown Source)
at org.openqa.selenium.support.events.EventFiringWebDriver.lambda$new$1(EventFiringWebDriver.java:105)
at com.sun.proxy.$Proxy6.getScreenshotAs(Unknown Source)
at org.openqa.selenium.support.events.EventFiringWebDriver.getScreenshotAs(EventFiringWebDriver.java:286)
at com.crm.qa.utils.TestUtil.takeScreenshotAtEndOfTest(TestUtil.java:45)
at com.crm.qa.utils.WebEventListener.onException(WebEventListener.java:65)
at org.openqa.selenium.support.events.EventFiringWebDriver.lambda$new$0(EventFiringWebDriver.java:82)
at com.sun.proxy.$Proxy5.onException(Unknown Source)
at org.openqa.selenium.support.events.EventFiringWebDriver.lambda$new$1(EventFiringWebDriver.java:105)
at com.sun.proxy.$Proxy6.getScreenshotAs(Unknown Source)
at org.openqa.selenium.support.events.EventFiringWebDriver.getScreenshotAs(EventFiringWebDriver.java:286)
at com.crm.qa.utils.TestUtil.takeScreenshotAtEndOfTest(TestUtil.java:45)
at com.crm.qa.utils.WebEventListener.onException(WebEventListener.java:65)
at org.openqa.selenium.support.events.EventFiringWebDriver.lambda$new$0(EventFiringWebDriver.java:82)
at com.sun.proxy.$Proxy5.onException(Unknown Source)
at org.openqa.selenium.support.events.EventFiringWebDriver.lambda$new$1(EventFiringWebDriver.java:105)
at com.sun.proxy.$Proxy6.getScreenshotAs(Unknown Source)
at org.openqa.selenium.support.events.EventFiringWebDriver.getScreenshotAs(EventFiringWebDriver.java:286)
at com.crm.qa.utils.TestUtil.takeScreenshotAtEndOfTest(TestUtil.java:45)
at com.crm.qa.utils.WebEventListener.onException(WebEventListener.java:65)
... Removed 310 stack frames]]>
    </failure>
  </testcase> <!-- @BeforeMethod setUp -->
  <testcase name="@AfterMethod tearDown" time="0.0" classname="com.crm.qa.test.HomePageTest">
    <skipped/>
  </testcase> <!-- @AfterMethod tearDown -->
  <testcase name="@BeforeMethod setUp" time="33.964" classname="com.crm.qa.test.LoginPageTest">
    <failure type="java.lang.StackOverflowError">
      <![CDATA[java.lang.StackOverflowError
at java.lang.StringCoding$StringEncoder.encode(Unknown Source)
at java.lang.StringCoding.encode(Unknown Source)
at java.lang.StringCoding.encode(Unknown Source)
at java.lang.String.getBytes(Unknown Source)
at com.crm.qa.utils.WebEventListener.onException(WebEventListener.java:63)
at org.openqa.selenium.support.events.EventFiringWebDriver.lambda$new$0(EventFiringWebDriver.java:82)
at com.sun.proxy.$Proxy5.onException(Unknown Source)
at org.openqa.selenium.support.events.EventFiringWebDriver.lambda$new$1(EventFiringWebDriver.java:105)
at com.sun.proxy.$Proxy6.getScreenshotAs(Unknown Source)
at org.openqa.selenium.support.events.EventFiringWebDriver.getScreenshotAs(EventFiringWebDriver.java:286)
at com.crm.qa.utils.TestUtil.takeScreenshotAtEndOfTest(TestUtil.java:45)
at com.crm.qa.utils.WebEventListener.onException(WebEventListener.java:65)
at org.openqa.selenium.support.events.EventFiringWebDriver.lambda$new$0(EventFiringWebDriver.java:82)
at com.sun.proxy.$Proxy5.onException(Unknown Source)
at org.openqa.selenium.support.events.EventFiringWebDriver.lambda$new$1(EventFiringWebDriver.java:105)
at com.sun.proxy.$Proxy6.getScreenshotAs(Unknown Source)
at org.openqa.selenium.support.events.EventFiringWebDriver.getScreenshotAs(EventFiringWebDriver.java:286)
at com.crm.qa.utils.TestUtil.takeScreenshotAtEndOfTest(TestUtil.java:45)
at com.crm.qa.utils.WebEventListener.onException(WebEventListener.java:65)
at org.openqa.selenium.support.events.EventFiringWebDriver.lambda$new$0(EventFiringWebDriver.java:82)
at com.sun.proxy.$Proxy5.onException(Unknown Source)
at org.openqa.selenium.support.events.EventFiringWebDriver.lambda$new$1(EventFiringWebDriver.java:105)
at com.sun.proxy.$Proxy6.getScreenshotAs(Unknown Source)
at org.openqa.selenium.support.events.EventFiringWebDriver.getScreenshotAs(EventFiringWebDriver.java:286)
at com.crm.qa.utils.TestUtil.takeScreenshotAtEndOfTest(TestUtil.java:45)
at com.crm.qa.utils.WebEventListener.onException(WebEventListener.java:65)
at org.openqa.selenium.support.events.EventFiringWebDriver.lambda$new$0(EventFiringWebDriver.java:82)
at com.sun.proxy.$Proxy5.onException(Unknown Source)
at org.openqa.selenium.support.events.EventFiringWebDriver.lambda$new$1(EventFiringWebDriver.java:105)
at com.sun.proxy.$Proxy6.getScreenshotAs(Unknown Source)
at org.openqa.selenium.support.events.EventFiringWebDriver.getScreenshotAs(EventFiringWebDriver.java:286)
at com.crm.qa.utils.TestUtil.takeScreenshotAtEndOfTest(TestUtil.java:45)
at com.crm.qa.utils.WebEventListener.onException(WebEventListener.java:65)
at org.openqa.selenium.support.events.EventFiringWebDriver.lambda$new$0(EventFiringWebDriver.java:82)
at com.sun.proxy.$Proxy5.onException(Unknown Source)
at org.openqa.selenium.support.events.EventFiringWebDriver.lambda$new$1(EventFiringWebDriver.java:105)
at com.sun.proxy.$Proxy6.getScreenshotAs(Unknown Source)
at org.openqa.selenium.support.events.EventFiringWebDriver.getScreenshotAs(EventFiringWebDriver.java:286)
at com.crm.qa.utils.TestUtil.takeScreenshotAtEndOfTest(TestUtil.java:45)
at com.crm.qa.utils.WebEventListener.onException(WebEventListener.java:65)
at org.openqa.selenium.support.events.EventFiringWebDriver.lambda$new$0(EventFiringWebDriver.java:82)
at com.sun.proxy.$Proxy5.onException(Unknown Source)
at org.openqa.selenium.support.events.EventFiringWebDriver.lambda$new$1(EventFiringWebDriver.java:105)
at com.sun.proxy.$Proxy6.getScreenshotAs(Unknown Source)
at org.openqa.selenium.support.events.EventFiringWebDriver.getScreenshotAs(EventFiringWebDriver.java:286)
at com.crm.qa.utils.TestUtil.takeScreenshotAtEndOfTest(TestUtil.java:45)
at com.crm.qa.utils.WebEventListener.onException(WebEventListener.java:65)
at org.openqa.selenium.support.events.EventFiringWebDriver.lambda$new$0(EventFiringWebDriver.java:82)
at com.sun.proxy.$Proxy5.onException(Unknown Source)
at org.openqa.selenium.support.events.EventFiringWebDriver.lambda$new$1(EventFiringWebDriver.java:105)
at com.sun.proxy.$Proxy6.getScreenshotAs(Unknown Source)
at org.openqa.selenium.support.events.EventFiringWebDriver.getScreenshotAs(EventFiringWebDriver.java:286)
at com.crm.qa.utils.TestUtil.takeScreenshotAtEndOfTest(TestUtil.java:45)
at com.crm.qa.utils.WebEventListener.onException(WebEventListener.java:65)
at org.openqa.selenium.support.events.EventFiringWebDriver.lambda$new$0(EventFiringWebDriver.java:82)
at com.sun.proxy.$Proxy5.onException(Unknown Source)
at org.openqa.selenium.support.events.EventFiringWebDriver.lambda$new$1(EventFiringWebDriver.java:105)
at com.sun.proxy.$Proxy6.getScreenshotAs(Unknown Source)
at org.openqa.selenium.support.events.EventFiringWebDriver.getScreenshotAs(EventFiringWebDriver.java:286)
at com.crm.qa.utils.TestUtil.takeScreenshotAtEndOfTest(TestUtil.java:45)
at com.crm.qa.utils.WebEventListener.onException(WebEventListener.java:65)
at org.openqa.selenium.support.events.EventFiringWebDriver.lambda$new$0(EventFiringWebDriver.java:82)
at com.sun.proxy.$Proxy5.onException(Unknown Source)
at org.openqa.selenium.support.events.EventFiringWebDriver.lambda$new$1(EventFiringWebDriver.java:105)
at com.sun.proxy.$Proxy6.getScreenshotAs(Unknown Source)
at org.openqa.selenium.support.events.EventFiringWebDriver.getScreenshotAs(EventFiringWebDriver.java:286)
at com.crm.qa.utils.TestUtil.takeScreenshotAtEndOfTest(TestUtil.java:45)
at com.crm.qa.utils.WebEventListener.onException(WebEventListener.java:65)
at org.openqa.selenium.support.events.EventFiringWebDriver.lambda$new$0(EventFiringWebDriver.java:82)
at com.sun.proxy.$Proxy5.onException(Unknown Source)
at org.openqa.selenium.support.events.EventFiringWebDriver.lambda$new$1(EventFiringWebDriver.java:105)
at com.sun.proxy.$Proxy6.getScreenshotAs(Unknown Source)
at org.openqa.selenium.support.events.EventFiringWebDriver.getScreenshotAs(EventFiringWebDriver.java:286)
at com.crm.qa.utils.TestUtil.takeScreenshotAtEndOfTest(TestUtil.java:45)
at com.crm.qa.utils.WebEventListener.onException(WebEventListener.java:65)
at org.openqa.selenium.support.events.EventFiringWebDriver.lambda$new$0(EventFiringWebDriver.java:82)
at com.sun.proxy.$Proxy5.onException(Unknown Source)
at org.openqa.selenium.support.events.EventFiringWebDriver.lambda$new$1(EventFiringWebDriver.java:105)
at com.sun.proxy.$Proxy6.getScreenshotAs(Unknown Source)
at org.openqa.selenium.support.events.EventFiringWebDriver.getScreenshotAs(EventFiringWebDriver.java:286)
at com.crm.qa.utils.TestUtil.takeScreenshotAtEndOfTest(TestUtil.java:45)
at com.crm.qa.utils.WebEventListener.onException(WebEventListener.java:65)
at org.openqa.selenium.support.events.EventFiringWebDriver.lambda$new$0(EventFiringWebDriver.java:82)
at com.sun.proxy.$Proxy5.onException(Unknown Source)
at org.openqa.selenium.support.events.EventFiringWebDriver.lambda$new$1(EventFiringWebDriver.java:105)
at com.sun.proxy.$Proxy6.getScreenshotAs(Unknown Source)
at org.openqa.selenium.support.events.EventFiringWebDriver.getScreenshotAs(EventFiringWebDriver.java:286)
at com.crm.qa.utils.TestUtil.takeScreenshotAtEndOfTest(TestUtil.java:45)
at com.crm.qa.utils.WebEventListener.onException(WebEventListener.java:65)
at org.openqa.selenium.support.events.EventFiringWebDriver.lambda$new$0(EventFiringWebDriver.java:82)
at com.sun.proxy.$Proxy5.onException(Unknown Source)
at org.openqa.selenium.support.events.EventFiringWebDriver.lambda$new$1(EventFiringWebDriver.java:105)
at com.sun.proxy.$Proxy6.getScreenshotAs(Unknown Source)
at org.openqa.selenium.support.events.EventFiringWebDriver.getScreenshotAs(EventFiringWebDriver.java:286)
at com.crm.qa.utils.TestUtil.takeScreenshotAtEndOfTest(TestUtil.java:45)
at com.crm.qa.utils.WebEventListener.onException(WebEventListener.java:65)
at org.openqa.selenium.support.events.EventFiringWebDriver.lambda$new$0(EventFiringWebDriver.java:82)
at com.sun.proxy.$Proxy5.onException(Unknown Source)
at org.openqa.selenium.support.events.EventFiringWebDriver.lambda$new$1(EventFiringWebDriver.java:105)
at com.sun.proxy.$Proxy6.getScreenshotAs(Unknown Source)
at org.openqa.selenium.support.events.EventFiringWebDriver.getScreenshotAs(EventFiringWebDriver.java:286)
at com.crm.qa.utils.TestUtil.takeScreenshotAtEndOfTest(TestUtil.java:45)
at com.crm.qa.utils.WebEventListener.onException(WebEventListener.java:65)
at org.openqa.selenium.support.events.EventFiringWebDriver.lambda$new$0(EventFiringWebDriver.java:82)
at com.sun.proxy.$Proxy5.onException(Unknown Source)
at org.openqa.selenium.support.events.EventFiringWebDriver.lambda$new$1(EventFiringWebDriver.java:105)
at com.sun.proxy.$Proxy6.getScreenshotAs(Unknown Source)
at org.openqa.selenium.support.events.EventFiringWebDriver.getScreenshotAs(EventFiringWebDriver.java:286)
at com.crm.qa.utils.TestUtil.takeScreenshotAtEndOfTest(TestUtil.java:45)
at com.crm.qa.utils.WebEventListener.onException(WebEventListener.java:65)
at org.openqa.selenium.support.events.EventFiringWebDriver.lambda$new$0(EventFiringWebDriver.java:82)
at com.sun.proxy.$Proxy5.onException(Unknown Source)
at org.openqa.selenium.support.events.EventFiringWebDriver.lambda$new$1(EventFiringWebDriver.java:105)
at com.sun.proxy.$Proxy6.getScreenshotAs(Unknown Source)
at org.openqa.selenium.support.events.EventFiringWebDriver.getScreenshotAs(EventFiringWebDriver.java:286)
at com.crm.qa.utils.TestUtil.takeScreenshotAtEndOfTest(TestUtil.java:45)
at com.crm.qa.utils.WebEventListener.onException(WebEventListener.java:65)
at org.openqa.selenium.support.events.EventFiringWebDriver.lambda$new$0(EventFiringWebDriver.java:82)
at com.sun.proxy.$Proxy5.onException(Unknown Source)
at org.openqa.selenium.support.events.EventFiringWebDriver.lambda$new$1(EventFiringWebDriver.java:105)
at com.sun.proxy.$Proxy6.getScreenshotAs(Unknown Source)
at org.openqa.selenium.support.events.EventFiringWebDriver.getScreenshotAs(EventFiringWebDriver.java:286)
at com.crm.qa.utils.TestUtil.takeScreenshotAtEndOfTest(TestUtil.java:45)
at com.crm.qa.utils.WebEventListener.onException(WebEventListener.java:65)
at org.openqa.selenium.support.events.EventFiringWebDriver.lambda$new$0(EventFiringWebDriver.java:82)
at com.sun.proxy.$Proxy5.onException(Unknown Source)
at org.openqa.selenium.support.events.EventFiringWebDriver.lambda$new$1(EventFiringWebDriver.java:105)
at com.sun.proxy.$Proxy6.getScreenshotAs(Unknown Source)
at org.openqa.selenium.support.events.EventFiringWebDriver.getScreenshotAs(EventFiringWebDriver.java:286)
at com.crm.qa.utils.TestUtil.takeScreenshotAtEndOfTest(TestUtil.java:45)
at com.crm.qa.utils.WebEventListener.onException(WebEventListener.java:65)
at org.openqa.selenium.support.events.EventFiringWebDriver.lambda$new$0(EventFiringWebDriver.java:82)
at com.sun.proxy.$Proxy5.onException(Unknown Source)
at org.openqa.selenium.support.events.EventFiringWebDriver.lambda$new$1(EventFiringWebDriver.java:105)
at com.sun.proxy.$Proxy6.getScreenshotAs(Unknown Source)
at org.openqa.selenium.support.events.EventFiringWebDriver.getScreenshotAs(EventFiringWebDriver.java:286)
at com.crm.qa.utils.TestUtil.takeScreenshotAtEndOfTest(TestUtil.java:45)
at com.crm.qa.utils.WebEventListener.onException(WebEventListener.java:65)
at org.openqa.selenium.support.events.EventFiringWebDriver.lambda$new$0(EventFiringWebDriver.java:82)
at com.sun.proxy.$Proxy5.onException(Unknown Source)
at org.openqa.selenium.support.events.EventFiringWebDriver.lambda$new$1(EventFiringWebDriver.java:105)
at com.sun.proxy.$Proxy6.getScreenshotAs(Unknown Source)
at org.openqa.selenium.support.events.EventFiringWebDriver.getScreenshotAs(EventFiringWebDriver.java:286)
at com.crm.qa.utils.TestUtil.takeScreenshotAtEndOfTest(TestUtil.java:45)
at com.crm.qa.utils.WebEventListener.onException(WebEventListener.java:65)
at org.openqa.selenium.support.events.EventFiringWebDriver.lambda$new$0(EventFiringWebDriver.java:82)
at com.sun.proxy.$Proxy5.onException(Unknown Source)
at org.openqa.selenium.support.events.EventFiringWebDriver.lambda$new$1(EventFiringWebDriver.java:105)
at com.sun.proxy.$Proxy6.getScreenshotAs(Unknown Source)
at org.openqa.selenium.support.events.EventFiringWebDriver.getScreenshotAs(EventFiringWebDriver.java:286)
at com.crm.qa.utils.TestUtil.takeScreenshotAtEndOfTest(TestUtil.java:45)
at com.crm.qa.utils.WebEventListener.onException(WebEventListener.java:65)
at org.openqa.selenium.support.events.EventFiringWebDriver.lambda$new$0(EventFiringWebDriver.java:82)
at com.sun.proxy.$Proxy5.onException(Unknown Source)
at org.openqa.selenium.support.events.EventFiringWebDriver.lambda$new$1(EventFiringWebDriver.java:105)
at com.sun.proxy.$Proxy6.getScreenshotAs(Unknown Source)
at org.openqa.selenium.support.events.EventFiringWebDriver.getScreenshotAs(EventFiringWebDriver.java:286)
at com.crm.qa.utils.TestUtil.takeScreenshotAtEndOfTest(TestUtil.java:45)
at com.crm.qa.utils.WebEventListener.onException(WebEventListener.java:65)
at org.openqa.selenium.support.events.EventFiringWebDriver.lambda$new$0(EventFiringWebDriver.java:82)
at com.sun.proxy.$Proxy5.onException(Unknown Source)
at org.openqa.selenium.support.events.EventFiringWebDriver.lambda$new$1(EventFiringWebDriver.java:105)
at com.sun.proxy.$Proxy6.getScreenshotAs(Unknown Source)
at org.openqa.selenium.support.events.EventFiringWebDriver.getScreenshotAs(EventFiringWebDriver.java:286)
at com.crm.qa.utils.TestUtil.takeScreenshotAtEndOfTest(TestUtil.java:45)
at com.crm.qa.utils.WebEventListener.onException(WebEventListener.java:65)
at org.openqa.selenium.support.events.EventFiringWebDriver.lambda$new$0(EventFiringWebDriver.java:82)
at com.sun.proxy.$Proxy5.onException(Unknown Source)
at org.openqa.selenium.support.events.EventFiringWebDriver.lambda$new$1(EventFiringWebDriver.java:105)
at com.sun.proxy.$Proxy6.getScreenshotAs(Unknown Source)
at org.openqa.selenium.support.events.EventFiringWebDriver.getScreenshotAs(EventFiringWebDriver.java:286)
at com.crm.qa.utils.TestUtil.takeScreenshotAtEndOfTest(TestUtil.java:45)
at com.crm.qa.utils.WebEventListener.onException(WebEventListener.java:65)
at org.openqa.selenium.support.events.EventFiringWebDriver.lambda$new$0(EventFiringWebDriver.java:82)
at com.sun.proxy.$Proxy5.onException(Unknown Source)
at org.openqa.selenium.support.events.EventFiringWebDriver.lambda$new$1(EventFiringWebDriver.java:105)
at com.sun.proxy.$Proxy6.getScreenshotAs(Unknown Source)
at org.openqa.selenium.support.events.EventFiringWebDriver.getScreenshotAs(EventFiringWebDriver.java:286)
at com.crm.qa.utils.TestUtil.takeScreenshotAtEndOfTest(TestUtil.java:45)
at com.crm.qa.utils.WebEventListener.onException(WebEventListener.java:65)
at org.openqa.selenium.support.events.EventFiringWebDriver.lambda$new$0(EventFiringWebDriver.java:82)
at com.sun.proxy.$Proxy5.onException(Unknown Source)
at org.openqa.selenium.support.events.EventFiringWebDriver.lambda$new$1(EventFiringWebDriver.java:105)
at com.sun.proxy.$Proxy6.getScreenshotAs(Unknown Source)
at org.openqa.selenium.support.events.EventFiringWebDriver.getScreenshotAs(EventFiringWebDriver.java:286)
at com.crm.qa.utils.TestUtil.takeScreenshotAtEndOfTest(TestUtil.java:45)
at com.crm.qa.utils.WebEventListener.onException(WebEventListener.java:65)
at org.openqa.selenium.support.events.EventFiringWebDriver.lambda$new$0(EventFiringWebDriver.java:82)
at com.sun.proxy.$Proxy5.onException(Unknown Source)
at org.openqa.selenium.support.events.EventFiringWebDriver.lambda$new$1(EventFiringWebDriver.java:105)
at com.sun.proxy.$Proxy6.getScreenshotAs(Unknown Source)
at org.openqa.selenium.support.events.EventFiringWebDriver.getScreenshotAs(EventFiringWebDriver.java:286)
at com.crm.qa.utils.TestUtil.takeScreenshotAtEndOfTest(TestUtil.java:45)
at com.crm.qa.utils.WebEventListener.onException(WebEventListener.java:65)
at org.openqa.selenium.support.events.EventFiringWebDriver.lambda$new$0(EventFiringWebDriver.java:82)
at com.sun.proxy.$Proxy5.onException(Unknown Source)
at org.openqa.selenium.support.events.EventFiringWebDriver.lambda$new$1(EventFiringWebDriver.java:105)
at com.sun.proxy.$Proxy6.getScreenshotAs(Unknown Source)
at org.openqa.selenium.support.events.EventFiringWebDriver.getScreenshotAs(EventFiringWebDriver.java:286)
at com.crm.qa.utils.TestUtil.takeScreenshotAtEndOfTest(TestUtil.java:45)
at com.crm.qa.utils.WebEventListener.onException(WebEventListener.java:65)
at org.openqa.selenium.support.events.EventFiringWebDriver.lambda$new$0(EventFiringWebDriver.java:82)
at com.sun.proxy.$Proxy5.onException(Unknown Source)
at org.openqa.selenium.support.events.EventFiringWebDriver.lambda$new$1(EventFiringWebDriver.java:105)
at com.sun.proxy.$Proxy6.getScreenshotAs(Unknown Source)
at org.openqa.selenium.support.events.EventFiringWebDriver.getScreenshotAs(EventFiringWebDriver.java:286)
at com.crm.qa.utils.TestUtil.takeScreenshotAtEndOfTest(TestUtil.java:45)
at com.crm.qa.utils.WebEventListener.onException(WebEventListener.java:65)
at org.openqa.selenium.support.events.EventFiringWebDriver.lambda$new$0(EventFiringWebDriver.java:82)
at com.sun.proxy.$Proxy5.onException(Unknown Source)
at org.openqa.selenium.support.events.EventFiringWebDriver.lambda$new$1(EventFiringWebDriver.java:105)
at com.sun.proxy.$Proxy6.getScreenshotAs(Unknown Source)
at org.openqa.selenium.support.events.EventFiringWebDriver.getScreenshotAs(EventFiringWebDriver.java:286)
at com.crm.qa.utils.TestUtil.takeScreenshotAtEndOfTest(TestUtil.java:45)
at com.crm.qa.utils.WebEventListener.onException(WebEventListener.java:65)
at org.openqa.selenium.support.events.EventFiringWebDriver.lambda$new$0(EventFiringWebDriver.java:82)
at com.sun.proxy.$Proxy5.onException(Unknown Source)
at org.openqa.selenium.support.events.EventFiringWebDriver.lambda$new$1(EventFiringWebDriver.java:105)
at com.sun.proxy.$Proxy6.getScreenshotAs(Unknown Source)
at org.openqa.selenium.support.events.EventFiringWebDriver.getScreenshotAs(EventFiringWebDriver.java:286)
at com.crm.qa.utils.TestUtil.takeScreenshotAtEndOfTest(TestUtil.java:45)
at com.crm.qa.utils.WebEventListener.onException(WebEventListener.java:65)
at org.openqa.selenium.support.events.EventFiringWebDriver.lambda$new$0(EventFiringWebDriver.java:82)
at com.sun.proxy.$Proxy5.onException(Unknown Source)
at org.openqa.selenium.support.events.EventFiringWebDriver.lambda$new$1(EventFiringWebDriver.java:105)
at com.sun.proxy.$Proxy6.getScreenshotAs(Unknown Source)
at org.openqa.selenium.support.events.EventFiringWebDriver.getScreenshotAs(EventFiringWebDriver.java:286)
at com.crm.qa.utils.TestUtil.takeScreenshotAtEndOfTest(TestUtil.java:45)
at com.crm.qa.utils.WebEventListener.onException(WebEventListener.java:65)
at org.openqa.selenium.support.events.EventFiringWebDriver.lambda$new$0(EventFiringWebDriver.java:82)
at com.sun.proxy.$Proxy5.onException(Unknown Source)
at org.openqa.selenium.support.events.EventFiringWebDriver.lambda$new$1(EventFiringWebDriver.java:105)
at com.sun.proxy.$Proxy6.getScreenshotAs(Unknown Source)
at org.openqa.selenium.support.events.EventFiringWebDriver.getScreenshotAs(EventFiringWebDriver.java:286)
at com.crm.qa.utils.TestUtil.takeScreenshotAtEndOfTest(TestUtil.java:45)
at com.crm.qa.utils.WebEventListener.onException(WebEventListener.java:65)
at org.openqa.selenium.support.events.EventFiringWebDriver.lambda$new$0(EventFiringWebDriver.java:82)
at com.sun.proxy.$Proxy5.onException(Unknown Source)
at org.openqa.selenium.support.events.EventFiringWebDriver.lambda$new$1(EventFiringWebDriver.java:105)
at com.sun.proxy.$Proxy6.getScreenshotAs(Unknown Source)
at org.openqa.selenium.support.events.EventFiringWebDriver.getScreenshotAs(EventFiringWebDriver.java:286)
at com.crm.qa.utils.TestUtil.takeScreenshotAtEndOfTest(TestUtil.java:45)
at com.crm.qa.utils.WebEventListener.onException(WebEventListener.java:65)
at org.openqa.selenium.support.events.EventFiringWebDriver.lambda$new$0(EventFiringWebDriver.java:82)
at com.sun.proxy.$Proxy5.onException(Unknown Source)
at org.openqa.selenium.support.events.EventFiringWebDriver.lambda$new$1(EventFiringWebDriver.java:105)
at com.sun.proxy.$Proxy6.getScreenshotAs(Unknown Source)
at org.openqa.selenium.support.events.EventFiringWebDriver.getScreenshotAs(EventFiringWebDriver.java:286)
at com.crm.qa.utils.TestUtil.takeScreenshotAtEndOfTest(TestUtil.java:45)
at com.crm.qa.utils.WebEventListener.onException(WebEventListener.java:65)
at org.openqa.selenium.support.events.EventFiringWebDriver.lambda$new$0(EventFiringWebDriver.java:82)
at com.sun.proxy.$Proxy5.onException(Unknown Source)
at org.openqa.selenium.support.events.EventFiringWebDriver.lambda$new$1(EventFiringWebDriver.java:105)
at com.sun.proxy.$Proxy6.getScreenshotAs(Unknown Source)
at org.openqa.selenium.support.events.EventFiringWebDriver.getScreenshotAs(EventFiringWebDriver.java:286)
at com.crm.qa.utils.TestUtil.takeScreenshotAtEndOfTest(TestUtil.java:45)
at com.crm.qa.utils.WebEventListener.onException(WebEventListener.java:65)
at org.openqa.selenium.support.events.EventFiringWebDriver.lambda$new$0(EventFiringWebDriver.java:82)
at com.sun.proxy.$Proxy5.onException(Unknown Source)
at org.openqa.selenium.support.events.EventFiringWebDriver.lambda$new$1(EventFiringWebDriver.java:105)
at com.sun.proxy.$Proxy6.getScreenshotAs(Unknown Source)
[...]
at org.openqa.selenium.support.events.EventFiringWebDriver.lambda$new$0(EventFiringWebDriver.java:82)
at com.sun.proxy.$Proxy5.onException(Unknown Source)
at org.openqa.selenium.support.events.EventFiringWebDriver.lambda$new$1(EventFiringWebDriver.java:105)
at com.sun.proxy.$Proxy6.getScreenshotAs(Unknown Source)
at org.openqa.selenium.support.events.EventFiringWebDriver.getScreenshotAs(EventFiringWebDriver.java:286)
at com.crm.qa.utils.TestUtil.takeScreenshotAtEndOfTest(TestUtil.java:45)
at com.crm.qa.utils.WebEventListener.onException(WebEventListener.java:65)
at org.openqa.selenium.support.events.EventFiringWebDriver.lambda$new$0(EventFiringWebDriver.java:82)
at com.sun.proxy.$Proxy5.onException(Unknown Source)
at org.openqa.selenium.support.events.EventFiringWebDriver.lambda$new$1(EventFiringWebDriver.java:105)
at com.sun.proxy.$Proxy6.getScreenshotAs(Unknown Source)
at org.openqa.selenium.support.events.EventFiringWebDriver.getScreenshotAs(EventFiringWebDriver.java:286)
at com.crm.qa.utils.TestUtil.takeScreenshotAtEndOfTest(TestUtil.java:45)
at com.crm.qa.utils.WebEventListener.onException(WebEventListener.java:65)
at org.openqa.selenium.support.events.EventFiringWebDriver.lambda$new$0(EventFiringWebDriver.java:82)
at com.sun.proxy.$Proxy5.onException(Unknown Source)
at org.openqa.selenium.support.events.EventFiringWebDriver.lambda$new$1(EventFiringWebDriver.java:105)
at com.sun.proxy.$Proxy6.getScreenshotAs(Unknown Source)
at org.openqa.selenium.support.events.EventFiringWebDriver.getScreenshotAs(EventFiringWebDriver.java:286)
at com.crm.qa.utils.TestUtil.takeScreenshotAtEndOfTest(TestUtil.java:45)
at com.crm.qa.utils.WebEventListener.onException(WebEventListener.java:65)
at org.openqa.selenium.support.events.EventFiringWebDriver.lambda$new$0(EventFiringWebDriver.java:82)
at com.sun.proxy.$Proxy5.onException(Unknown Source)
at org.openqa.selenium.support.events.EventFiringWebDriver.lambda$new$1(EventFiringWebDriver.java:105)
at com.sun.proxy.$Proxy6.getScreenshotAs(Unknown Source)
at org.openqa.selenium.support.events.EventFiringWebDriver.getScreenshotAs(EventFiringWebDriver.java:286)
at com.crm.qa.utils.TestUtil.takeScreenshotAtEndOfTest(TestUtil.java:45)
at com.crm.qa.utils.WebEventListener.onException(WebEventListener.java:65)
at org.openqa.selenium.support.events.EventFiringWebDriver.lambda$new$0(EventFiringWebDriver.java:82)
at com.sun.proxy.$Proxy5.onException(Unknown Source)
at org.openqa.selenium.support.events.EventFiringWebDriver.lambda$new$1(EventFiringWebDriver.java:105)
at com.sun.proxy.$Proxy6.getScreenshotAs(Unknown Source)
at org.openqa.selenium.support.events.EventFiringWebDriver.getScreenshotAs(EventFiringWebDriver.java:286)
at com.crm.qa.utils.TestUtil.takeScreenshotAtEndOfTest(TestUtil.java:45)
at com.crm.qa.utils.WebEventListener.onException(WebEventListener.java:65)
at org.openqa.selenium.support.events.EventFiringWebDriver.lambda$new$0(EventFiringWebDriver.java:82)
at com.sun.proxy.$Proxy5.onException(Unknown Source)
at org.openqa.selenium.support.events.EventFiringWebDriver.lambda$new$1(EventFiringWebDriver.java:105)
at com.sun.proxy.$Proxy6.getScreenshotAs(Unknown Source)
at org.openqa.selenium.support.events.EventFiringWebDriver.getScreenshotAs(EventFiringWebDriver.java:286)
at com.crm.qa.utils.TestUtil.takeScreenshotAtEndOfTest(TestUtil.java:45)
at com.crm.qa.utils.WebEventListener.onException(WebEventListener.java:65)
at org.openqa.selenium.support.events.EventFiringWebDriver.lambda$new$0(EventFiringWebDriver.java:82)
at com.sun.proxy.$Proxy5.onException(Unknown Source)
at org.openqa.selenium.support.events.EventFiringWebDriver.lambda$new$1(EventFiringWebDriver.java:105)
at com.sun.proxy.$Proxy6.getScreenshotAs(Unknown Source)
at org.openqa.selenium.support.events.EventFiringWebDriver.getScreenshotAs(EventFiringWebDriver.java:286)
at com.crm.qa.utils.TestUtil.takeScreenshotAtEndOfTest(TestUtil.java:45)
at com.crm.qa.utils.WebEventListener.onException(WebEventListener.java:65)
at org.openqa.selenium.support.events.EventFiringWebDriver.lambda$new$0(EventFiringWebDriver.java:82)
at com.sun.proxy.$Proxy5.onException(Unknown Source)
at org.openqa.selenium.support.events.EventFiringWebDriver.lambda$new$1(EventFiringWebDriver.java:105)
at com.sun.proxy.$Proxy6.getScreenshotAs(Unknown Source)
at org.openqa.selenium.support.events.EventFiringWebDriver.getScreenshotAs(EventFiringWebDriver.java:286)
at com.crm.qa.utils.TestUtil.takeScreenshotAtEndOfTest(TestUtil.java:45)
at com.crm.qa.utils.WebEventListener.onException(WebEventListener.java:65)
at org.openqa.selenium.support.events.EventFiringWebDriver.lambda$new$0(EventFiringWebDriver.java:82)
at com.sun.proxy.$Proxy5.onException(Unknown Source)
at org.openqa.selenium.support.events.EventFiringWebDriver.lambda$new$1(EventFiringWebDriver.java:105)
at com.sun.proxy.$Proxy6.getScreenshotAs(Unknown Source)
at org.openqa.selenium.support.events.EventFiringWebDriver.getScreenshotAs(EventFiringWebDriver.java:286)
at com.crm.qa.utils.TestUtil.takeScreenshotAtEndOfTest(TestUtil.java:45)
at com.crm.qa.utils.WebEventListener.onException(WebEventListener.java:65)
at org.openqa.selenium.support.events.EventFiringWebDriver.lambda$new$0(EventFiringWebDriver.java:82)
at com.sun.proxy.$Proxy5.onException(Unknown Source)
at org.openqa.selenium.support.events.EventFiringWebDriver.lambda$new$1(EventFiringWebDriver.java:105)
at com.sun.proxy.$Proxy6.getScreenshotAs(Unknown Source)
at org.openqa.selenium.support.events.EventFiringWebDriver.getScreenshotAs(EventFiringWebDriver.java:286)
at com.crm.qa.utils.TestUtil.takeScreenshotAtEndOfTest(TestUtil.java:45)
at com.crm.qa.utils.WebEventListener.onException(WebEventListener.java:65)
at org.openqa.selenium.support.events.EventFiringWebDriver.lambda$new$0(EventFiringWebDriver.java:82)
at com.sun.proxy.$Proxy5.onException(Unknown Source)
at org.openqa.selenium.support.events.EventFiringWebDriver.lambda$new$1(EventFiringWebDriver.java:105)
at com.sun.proxy.$Proxy6.getScreenshotAs(Unknown Source)
at org.openqa.selenium.support.events.EventFiringWebDriver.getScreenshotAs(EventFiringWebDriver.java:286)
at com.crm.qa.utils.TestUtil.takeScreenshotAtEndOfTest(TestUtil.java:45)
at com.crm.qa.utils.WebEventListener.onException(WebEventListener.java:65)
at org.openqa.selenium.support.events.EventFiringWebDriver.lambda$new$0(EventFiringWebDriver.java:82)
at com.sun.proxy.$Proxy5.onException(Unknown Source)
at org.openqa.selenium.support.events.EventFiringWebDriver.lambda$new$1(EventFiringWebDriver.java:105)
at com.sun.proxy.$Proxy6.getScreenshotAs(Unknown Source)
at org.openqa.selenium.support.events.EventFiringWebDriver.getScreenshotAs(EventFiringWebDriver.java:286)
at com.crm.qa.utils.TestUtil.takeScreenshotAtEndOfTest(TestUtil.java:45)
at com.crm.qa.utils.WebEventListener.onException(WebEventListener.java:65)
at org.openqa.selenium.support.events.EventFiringWebDriver.lambda$new$0(EventFiringWebDriver.java:82)
at com.sun.proxy.$Proxy5.onException(Unknown Source)
at org.openqa.selenium.support.events.EventFiringWebDriver.lambda$new$1(EventFiringWebDriver.java:105)
at com.sun.proxy.$Proxy6.getScreenshotAs(Unknown Source)
at org.openqa.selenium.support.events.EventFiringWebDriver.getScreenshotAs(EventFiringWebDriver.java:286)
at com.crm.qa.utils.TestUtil.takeScreenshotAtEndOfTest(TestUtil.java:45)
at com.crm.qa.utils.WebEventListener.onException(WebEventListener.java:65)
at org.openqa.selenium.support.events.EventFiringWebDriver.lambda$new$0(EventFiringWebDriver.java:82)
at com.sun.proxy.$Proxy5.onException(Unknown Source)
at org.openqa.selenium.support.events.EventFiringWebDriver.lambda$new$1(EventFiringWebDriver.java:105)
at com.sun.proxy.$Proxy6.getScreenshotAs(Unknown Source)
at org.openqa.selenium.support.events.EventFiringWebDriver.getScreenshotAs(EventFiringWebDriver.java:286)
at com.crm.qa.utils.TestUtil.takeScreenshotAtEndOfTest(TestUtil.java:45)
at com.crm.qa.utils.WebEventListener.onException(WebEventListener.java:65)
at org.openqa.selenium.support.events.EventFiringWebDriver.lambda$new$0(EventFiringWebDriver.java:82)
at com.sun.proxy.$Proxy5.onException(Unknown Source)
at org.openqa.selenium.support.events.EventFiringWebDriver.lambda$new$1(EventFiringWebDriver.java:105)
at com.sun.proxy.$Proxy6.getScreenshotAs(Unknown Source)
at org.openqa.selenium.support.events.EventFiringWebDriver.getScreenshotAs(EventFiringWebDriver.java:286)
at com.crm.qa.utils.TestUtil.takeScreenshotAtEndOfTest(TestUtil.java:45)
at com.crm.qa.utils.WebEventListener.onException(WebEventListener.java:65)
at org.openqa.selenium.support.events.EventFiringWebDriver.lambda$new$0(EventFiringWebDriver.java:82)
at com.sun.proxy.$Proxy5.onException(Unknown Source)
at org.openqa.selenium.support.events.EventFiringWebDriver.lambda$new$1(EventFiringWebDriver.java:105)
at com.sun.proxy.$Proxy6.getScreenshotAs(Unknown Source)
at org.openqa.selenium.support.events.EventFiringWebDriver.getScreenshotAs(EventFiringWebDriver.java:286)
at com.crm.qa.utils.TestUtil.takeScreenshotAtEndOfTest(TestUtil.java:45)
at com.crm.qa.utils.WebEventListener.onException(WebEventListener.java:65)
at org.openqa.selenium.support.events.EventFiringWebDriver.lambda$new$0(EventFiringWebDriver.java:82)
at com.sun.proxy.$Proxy5.onException(Unknown Source)
at org.openqa.selenium.support.events.EventFiringWebDriver.lambda$new$1(EventFiringWebDriver.java:105)
at com.sun.proxy.$Proxy6.getScreenshotAs(Unknown Source)
at org.openqa.selenium.support.events.EventFiringWebDriver.getScreenshotAs(EventFiringWebDriver.java:286)
at com.crm.qa.utils.TestUtil.takeScreenshotAtEndOfTest(TestUtil.java:45)
at com.crm.qa.utils.WebEventListener.onException(WebEventListener.java:65)
at org.openqa.selenium.support.events.EventFiringWebDriver.lambda$new$0(EventFiringWebDriver.java:82)
at com.sun.proxy.$Proxy5.onException(Unknown Source)
at org.openqa.selenium.support.events.EventFiringWebDriver.lambda$new$1(EventFiringWebDriver.java:105)
at com.sun.proxy.$Proxy6.getScreenshotAs(Unknown Source)
at org.openqa.selenium.support.events.EventFiringWebDriver.getScreenshotAs(EventFiringWebDriver.java:286)
at com.crm.qa.utils.TestUtil.takeScreenshotAtEndOfTest(TestUtil.java:45)
at com.crm.qa.utils.WebEventListener.onException(WebEventListener.java:65)
at org.openqa.selenium.support.events.EventFiringWebDriver.lambda$new$0(EventFiringWebDriver.java:82)
at com.sun.proxy.$Proxy5.onException(Unknown Source)
at org.openqa.selenium.support.events.EventFiringWebDriver.lambda$new$1(EventFiringWebDriver.java:105)
at com.sun.proxy.$Proxy6.getScreenshotAs(Unknown Source)
at org.openqa.selenium.support.events.EventFiringWebDriver.getScreenshotAs(EventFiringWebDriver.java:286)
at com.crm.qa.utils.TestUtil.takeScreenshotAtEndOfTest(TestUtil.java:45)
at com.crm.qa.utils.WebEventListener.onException(WebEventListener.java:65)
at org.openqa.selenium.support.events.EventFiringWebDriver.lambda$new$0(EventFiringWebDriver.java:82)
at com.sun.proxy.$Proxy5.onException(Unknown Source)
at org.openqa.selenium.support.events.EventFiringWebDriver.lambda$new$1(EventFiringWebDriver.java:105)
at com.sun.proxy.$Proxy6.getScreenshotAs(Unknown Source)
at org.openqa.selenium.support.events.EventFiringWebDriver.getScreenshotAs(EventFiringWebDriver.java:286)
at com.crm.qa.utils.TestUtil.takeScreenshotAtEndOfTest(TestUtil.java:45)
at com.crm.qa.utils.WebEventListener.onException(WebEventListener.java:65)
at org.openqa.selenium.support.events.EventFiringWebDriver.lambda$new$0(EventFiringWebDriver.java:82)
at com.sun.proxy.$Proxy5.onException(Unknown Source)
at org.openqa.selenium.support.events.EventFiringWebDriver.lambda$new$1(EventFiringWebDriver.java:105)
at com.sun.proxy.$Proxy6.getScreenshotAs(Unknown Source)
at org.openqa.selenium.support.events.EventFiringWebDriver.getScreenshotAs(EventFiringWebDriver.java:286)
at com.crm.qa.utils.TestUtil.takeScreenshotAtEndOfTest(TestUtil.java:45)
at com.crm.qa.utils.WebEventListener.onException(WebEventListener.java:65)
at org.openqa.selenium.support.events.EventFiringWebDriver.lambda$new$0(EventFiringWebDriver.java:82)
at com.sun.proxy.$Proxy5.onException(Unknown Source)
at org.openqa.selenium.support.events.EventFiringWebDriver.lambda$new$1(EventFiringWebDriver.java:105)
at com.sun.proxy.$Proxy6.getScreenshotAs(Unknown Source)
at org.openqa.selenium.support.events.EventFiringWebDriver.getScreenshotAs(EventFiringWebDriver.java:286)
at com.crm.qa.utils.TestUtil.takeScreenshotAtEndOfTest(TestUtil.java:45)
at com.crm.qa.utils.WebEventListener.onException(WebEventListener.java:65)
at org.openqa.selenium.support.events.EventFiringWebDriver.lambda$new$0(EventFiringWebDriver.java:82)
at com.sun.proxy.$Proxy5.onException(Unknown Source)
at org.openqa.selenium.support.events.EventFiringWebDriver.lambda$new$1(EventFiringWebDriver.java:105)
at com.sun.proxy.$Proxy6.getScreenshotAs(Unknown Source)
at org.openqa.selenium.support.events.EventFiringWebDriver.getScreenshotAs(EventFiringWebDriver.java:286)
at com.crm.qa.utils.TestUtil.takeScreenshotAtEndOfTest(TestUtil.java:45)
at com.crm.qa.utils.WebEventListener.onException(WebEventListener.java:65)
at org.openqa.selenium.support.events.EventFiringWebDriver.lambda$new$0(EventFiringWebDriver.java:82)
at com.sun.proxy.$Proxy5.onException(Unknown Source)
at org.openqa.selenium.support.events.EventFiringWebDriver.lambda$new$1(EventFiringWebDriver.java:105)
at com.sun.proxy.$Proxy6.getScreenshotAs(Unknown Source)
at org.openqa.selenium.support.events.EventFiringWebDriver.getScreenshotAs(EventFiringWebDriver.java:286)
at com.crm.qa.utils.TestUtil.takeScreenshotAtEndOfTest(TestUtil.java:45)
at com.crm.qa.utils.WebEventListener.onException(WebEventListener.java:65)
at org.openqa.selenium.support.events.EventFiringWebDriver.lambda$new$0(EventFiringWebDriver.java:82)
at com.sun.proxy.$Proxy5.onException(Unknown Source)
at org.openqa.selenium.support.events.EventFiringWebDriver.lambda$new$1(EventFiringWebDriver.java:105)
at com.sun.proxy.$Proxy6.getScreenshotAs(Unknown Source)
at org.openqa.selenium.support.events.EventFiringWebDriver.getScreenshotAs(EventFiringWebDriver.java:286)
at com.crm.qa.utils.TestUtil.takeScreenshotAtEndOfTest(TestUtil.java:45)
at com.crm.qa.utils.WebEventListener.onException(WebEventListener.java:65)
at org.openqa.selenium.support.events.EventFiringWebDriver.lambda$new$0(EventFiringWebDriver.java:82)
at com.sun.proxy.$Proxy5.onException(Unknown Source)
at org.openqa.selenium.support.events.EventFiringWebDriver.lambda$new$1(EventFiringWebDriver.java:105)
at com.sun.proxy.$Proxy6.getScreenshotAs(Unknown Source)
at org.openqa.selenium.support.events.EventFiringWebDriver.getScreenshotAs(EventFiringWebDriver.java:286)
at com.crm.qa.utils.TestUtil.takeScreenshotAtEndOfTest(TestUtil.java:45)
at com.crm.qa.utils.WebEventListener.onException(WebEventListener.java:65)
at org.openqa.selenium.support.events.EventFiringWebDriver.lambda$new$0(EventFiringWebDriver.java:82)
at com.sun.proxy.$Proxy5.onException(Unknown Source)
at org.openqa.selenium.support.events.EventFiringWebDriver.lambda$new$1(EventFiringWebDriver.java:105)
at com.sun.proxy.$Proxy6.getScreenshotAs(Unknown Source)
at org.openqa.selenium.support.events.EventFiringWebDriver.getScreenshotAs(EventFiringWebDriver.java:286)
at com.crm.qa.utils.TestUtil.takeScreenshotAtEndOfTest(TestUtil.java:45)
at com.crm.qa.utils.WebEventListener.onException(WebEventListener.java:65)
at org.openqa.selenium.support.events.EventFiringWebDriver.lambda$new$0(EventFiringWebDriver.java:82)
at com.sun.proxy.$Proxy5.onException(Unknown Source)
at org.openqa.selenium.support.events.EventFiringWebDriver.lambda$new$1(EventFiringWebDriver.java:105)
at com.sun.proxy.$Proxy6.getScreenshotAs(Unknown Source)
at org.openqa.selenium.support.events.EventFiringWebDriver.getScreenshotAs(EventFiringWebDriver.java:286)
at com.crm.qa.utils.TestUtil.takeScreenshotAtEndOfTest(TestUtil.java:45)
at com.crm.qa.utils.WebEventListener.onException(WebEventListener.java:65)
at org.openqa.selenium.support.events.EventFiringWebDriver.lambda$new$0(EventFiringWebDriver.java:82)
at com.sun.proxy.$Proxy5.onException(Unknown Source)
at org.openqa.selenium.support.events.EventFiringWebDriver.lambda$new$1(EventFiringWebDriver.java:105)
at com.sun.proxy.$Proxy6.getScreenshotAs(Unknown Source)
at org.openqa.selenium.support.events.EventFiringWebDriver.getScreenshotAs(EventFiringWebDriver.java:286)
at com.crm.qa.utils.TestUtil.takeScreenshotAtEndOfTest(TestUtil.java:45)
at com.crm.qa.utils.WebEventListener.onException(WebEventListener.java:65)
at org.openqa.selenium.support.events.EventFiringWebDriver.lambda$new$0(EventFiringWebDriver.java:82)
at com.sun.proxy.$Proxy5.onException(Unknown Source)
at org.openqa.selenium.support.events.EventFiringWebDriver.lambda$new$1(EventFiringWebDriver.java:105)
at com.sun.proxy.$Proxy6.getScreenshotAs(Unknown Source)
at org.openqa.selenium.support.events.EventFiringWebDriver.getScreenshotAs(EventFiringWebDriver.java:286)
at com.crm.qa.utils.TestUtil.takeScreenshotAtEndOfTest(TestUtil.java:45)
at com.crm.qa.utils.WebEventListener.onException(WebEventListener.java:65)
at org.openqa.selenium.support.events.EventFiringWebDriver.lambda$new$0(EventFiringWebDriver.java:82)
at com.sun.proxy.$Proxy5.onException(Unknown Source)
at org.openqa.selenium.support.events.EventFiringWebDriver.lambda$new$1(EventFiringWebDriver.java:105)
at com.sun.proxy.$Proxy6.getScreenshotAs(Unknown Source)
at org.openqa.selenium.support.events.EventFiringWebDriver.getScreenshotAs(EventFiringWebDriver.java:286)
at com.crm.qa.utils.TestUtil.takeScreenshotAtEndOfTest(TestUtil.java:45)
at com.crm.qa.utils.WebEventListener.onException(WebEventListener.java:65)
at org.openqa.selenium.support.events.EventFiringWebDriver.lambda$new$0(EventFiringWebDriver.java:82)
at com.sun.proxy.$Proxy5.onException(Unknown Source)
at org.openqa.selenium.support.events.EventFiringWebDriver.lambda$new$1(EventFiringWebDriver.java:105)
at com.sun.proxy.$Proxy6.getScreenshotAs(Unknown Source)
at org.openqa.selenium.support.events.EventFiringWebDriver.getScreenshotAs(EventFiringWebDriver.java:286)
at com.crm.qa.utils.TestUtil.takeScreenshotAtEndOfTest(TestUtil.java:45)
at com.crm.qa.utils.WebEventListener.onException(WebEventListener.java:65)
at org.openqa.selenium.support.events.EventFiringWebDriver.lambda$new$0(EventFiringWebDriver.java:82)
at com.sun.proxy.$Proxy5.onException(Unknown Source)
at org.openqa.selenium.support.events.EventFiringWebDriver.lambda$new$1(EventFiringWebDriver.java:105)
at com.sun.proxy.$Proxy6.getScreenshotAs(Unknown Source)
at org.openqa.selenium.support.events.EventFiringWebDriver.getScreenshotAs(EventFiringWebDriver.java:286)
at com.crm.qa.utils.TestUtil.takeScreenshotAtEndOfTest(TestUtil.java:45)
at com.crm.qa.utils.WebEventListener.onException(WebEventListener.java:65)
at org.openqa.selenium.support.events.EventFiringWebDriver.lambda$new$0(EventFiringWebDriver.java:82)
at com.sun.proxy.$Proxy5.onException(Unknown Source)
at org.openqa.selenium.support.events.EventFiringWebDriver.lambda$new$1(EventFiringWebDriver.java:105)
at com.sun.proxy.$Proxy6.getScreenshotAs(Unknown Source)
at org.openqa.selenium.support.events.EventFiringWebDriver.getScreenshotAs(EventFiringWebDriver.java:286)
... Removed 307 stack frames]]>
    </failure>
  </testcase> <!-- @BeforeMethod setUp -->
  <testcase name="@AfterMethod tearDown" time="0.0" classname="com.crm.qa.test.LoginPageTest">
    <skipped/>
  </testcase> <!-- @AfterMethod tearDown -->
  <testcase name="validateCreateNewContacts" time="0.0" classname="com.crm.qa.test.ContactsPageTest">
    <skipped/>
  </testcase> <!-- validateCreateNewContacts -->
  <testcase name="verifyHomePageTitle" time="0.0" classname="com.crm.qa.test.HomePageTest">
    <skipped/>
  </testcase> <!-- verifyHomePageTitle -->
  <testcase name="loginPageTitleTest" time="0.0" classname="com.crm.qa.test.LoginPageTest">
    <skipped/>
  </testcase> <!-- loginPageTitleTest -->
</testsuite> <!-- Command line test -->
